[debug] [2026-05-15T06:53:09.844Z] ----------------------------------------------------------------------
[debug] [2026-05-15T06:53:09.852Z] Command:       /usr/local/bin/node /usr/local/bin/firebase functions:shell
[debug] [2026-05-15T06:53:09.852Z] CLI Version:   15.18.0
[debug] [2026-05-15T06:53:09.853Z] Platform:      darwin
[debug] [2026-05-15T06:53:09.853Z] Node Version:  v24.15.0
[debug] [2026-05-15T06:53:09.853Z] Time:          Fri May 15 2026 08:53:09 GMT+0200 (Central European Summer Time)
[debug] [2026-05-15T06:53:09.853Z] ----------------------------------------------------------------------
[debug] 
[debug] [2026-05-15T06:53:12.545Z] > command requires scopes: ["email","openid","https://www.googleapis.com/auth/cloudplatformprojects.readonly","https://www.googleapis.com/auth/firebase","https://www.googleapis.com/auth/cloud-platform"]
[debug] [2026-05-15T06:53:12.549Z] > authorizing via signed-in user (pontus.malmstrom9292@gmail.com)
[debug] [2026-05-15T06:53:12.549Z] [iam] checking project adroit-minutia-494222-c6 for permissions ["firebase.projects.get"]
[debug] [2026-05-15T06:53:12.551Z] Checked if tokens are valid: false, expires at: 1778822076686
[debug] [2026-05-15T06:53:12.551Z] Checked if tokens are valid: false, expires at: 1778822076686
[debug] [2026-05-15T06:53:12.551Z] > refreshing access token with scopes: []
[debug] [2026-05-15T06:53:12.563Z] >>> [apiv2][query] POST https://www.googleapis.com/oauth2/v3/token [none]
[debug] [2026-05-15T06:53:12.563Z] >>> [apiv2][body] POST https://www.googleapis.com/oauth2/v3/token [omitted]
[debug] [2026-05-15T06:53:13.020Z] <<< [apiv2][status] POST https://www.googleapis.com/oauth2/v3/token 200
[debug] [2026-05-15T06:53:13.020Z] <<< [apiv2][body] POST https://www.googleapis.com/oauth2/v3/token [omitted]
[debug] [2026-05-15T06:53:13.042Z] >>> [apiv2][query] POST https://cloudresourcemanager.googleapis.com/v1/projects/adroit-minutia-494222-c6:testIamPermissions [none]
[debug] [2026-05-15T06:53:13.042Z] >>> [apiv2][(partial)header] POST https://cloudresourcemanager.googleapis.com/v1/projects/adroit-minutia-494222-c6:testIamPermissions  x-goog-user-project=adroit-minutia-494222-c6
[debug] [2026-05-15T06:53:13.042Z] >>> [apiv2][body] POST https://cloudresourcemanager.googleapis.com/v1/projects/adroit-minutia-494222-c6:testIamPermissions {"permissions":["firebase.projects.get"]}
[debug] [2026-05-15T06:53:13.811Z] <<< [apiv2][status] POST https://cloudresourcemanager.googleapis.com/v1/projects/adroit-minutia-494222-c6:testIamPermissions 200
[debug] [2026-05-15T06:53:13.811Z] <<< [apiv2][body] POST https://cloudresourcemanager.googleapis.com/v1/projects/adroit-minutia-494222-c6:testIamPermissions {"permissions":["firebase.projects.get"]}
[warn] ⚠  functions: Functions Emulator unable to start on port 5000, starting on 5001 instead. {"metadata":{"emulator":{"name":"functions"},"message":"Functions Emulator unable to start on port 5000, starting on 5001 instead."}}
[debug] [2026-05-15T06:53:14.102Z] [functions] Functions Emulator only supports listening on one address (127.0.0.1). Not listening on ::1
[warn] ⚠  functions: Application Default Credentials detected. Non-emulated services will access production using these credentials. Be careful! {"metadata":{"emulator":{"name":"functions"},"message":"Application Default Credentials detected. Non-emulated services will access production using these credentials. Be careful!"}}
[debug] [2026-05-15T06:53:22.324Z] Checked if tokens are valid: true, expires at: 1778831592020
[debug] [2026-05-15T06:53:22.326Z] Checked if tokens are valid: true, expires at: 1778831592020
[debug] [2026-05-15T06:53:22.327Z] >>> [apiv2][query] GET https://firebase.googleapis.com/v1beta1/projects/adroit-minutia-494222-c6/adminSdkConfig [none]
[debug] [2026-05-15T06:53:22.943Z] <<< [apiv2][status] GET https://firebase.googleapis.com/v1beta1/projects/adroit-minutia-494222-c6/adminSdkConfig 200
[debug] [2026-05-15T06:53:22.944Z] <<< [apiv2][body] GET https://firebase.googleapis.com/v1beta1/projects/adroit-minutia-494222-c6/adminSdkConfig {"projectId":"adroit-minutia-494222-c6","storageBucket":"adroit-minutia-494222-c6.firebasestorage.app"}
[debug] [2026-05-15T06:53:22.977Z] [functions] Watching "/Users/Livskompassen/livskompassen-v2/functions" for Cloud Functions...
[debug] [2026-05-15T06:53:22.982Z] Validating nodejs source
[warn] ⚠  functions: package.json indicates an outdated version of firebase-functions. Please upgrade using npm install --save firebase-functions@latest in your functions directory. 
[warn] ⚠  functions: Please note that there will be breaking changes when you upgrade. 
[debug] [2026-05-15T06:53:24.776Z] > [functions] package.json contents: {
  "name": "functions",
  "scripts": {
    "build": "tsc",
    "build:watch": "tsc --watch",
    "serve": "npm run build && firebase emulators:start --only functions",
    "shell": "npm run build && firebase functions:shell",
    "start": "npm run shell",
    "deploy": "firebase deploy --only functions",
    "logs": "firebase functions:log"
  },
  "engines": {
    "node": "20"
  },
  "main": "lib/index.js",
  "dependencies": {
    "@google-cloud/aiplatform": "^3.25.0",
    "@google-cloud/firestore": "^7.9.0",
    "@google-cloud/vertexai": "^1.9.0",
    "@google/generative-ai": "^0.21.0",
    "firebase-admin": "^12.1.0",
    "firebase-functions": "^5.0.0"
  },
  "devDependencies": {
    "typescript": "^5.0.0",
    "firebase-functions-test": "^3.1.0"
  },
  "private": true
}
[debug] [2026-05-15T06:53:24.776Z] Building nodejs source
[debug] [2026-05-15T06:53:24.777Z] Failed to find version of module node: reached end of search path /Users/Livskompassen/livskompassen-v2/functions/node_modules
[warn] ⚠  functions: Your requested "node" version "20" doesn't match your global version "24". Using node@24 from host. 
[debug] [2026-05-15T06:53:24.779Z] Could not find functions.yaml. Must use http discovery
[debug] [2026-05-15T06:53:24.786Z] Found firebase-functions binary at '/Users/Livskompassen/livskompassen-v2/functions/node_modules/.bin/firebase-functions'
[info] Serving at port 8730

[debug] [2026-05-15T06:53:26.105Z] Got response from /__/functions.yaml {"endpoints":{"generateEmbedding":{"platform":"gcfv1","labels":{},"availableMemoryMb":null,"timeoutSeconds":null,"minInstances":null,"maxInstances":null,"ingressSettings":null,"serviceAccountEmail":null,"vpc":null,"region":["europe-west1"],"callableTrigger":{},"entryPoint":"generateEmbedding"},"analyzeMessage":{"platform":"gcfv1","labels":{},"availableMemoryMb":null,"timeoutSeconds":null,"minInstances":null,"maxInstances":null,"ingressSettings":null,"serviceAccountEmail":null,"vpc":null,"region":["europe-west1"],"callableTrigger":{},"entryPoint":"analyzeMessage"},"invalidateSession":{"platform":"gcfv1","labels":{},"availableMemoryMb":null,"timeoutSeconds":null,"minInstances":null,"maxInstances":null,"ingressSettings":null,"serviceAccountEmail":null,"vpc":null,"region":["europe-west1"],"callableTrigger":{},"entryPoint":"invalidateSession"},"scheduledRetentionJob":{"platform":"gcfv1","availableMemoryMb":null,"timeoutSeconds":null,"minInstances":null,"maxInstances":null,"ingressSettings":null,"serviceAccountEmail":null,"vpc":null,"region":["europe-west1"],"scheduleTrigger":{"schedule":"0 3 * * *","retryConfig":{"retryCount":null,"maxDoublings":null,"maxRetryDuration":null,"maxBackoffDuration":null,"minBackoffDuration":null},"timeZone":"Europe/Stockholm"},"labels":{},"entryPoint":"scheduledRetentionJob"},"notifyNewFile":{"platform":"gcfv1","availableMemoryMb":null,"timeoutSeconds":null,"minInstances":null,"maxInstances":null,"ingressSettings":null,"serviceAccountEmail":null,"vpc":null,"region":["europe-west1"],"httpsTrigger":{},"entryPoint":"notifyNewFile"}},"specVersion":"v1alpha1","requiredAPIs":[{"api":"cloudscheduler.googleapis.com","reason":"Needed for scheduled functions."}],"extensions":{}}
[debug] [2026-05-15T06:53:30.151Z] [functions] Loaded functions definitions from source: generateEmbedding, analyzeMessage, invalidateSession, scheduledRetentionJob, notifyNewFile.
[debug] [2026-05-15T06:53:30.157Z] [functions[europe-west1-generateEmbedding]] http function initialized (http://127.0.0.1:5001/adroit-minutia-494222-c6/europe-west1/generateEmbedding).
[debug] [2026-05-15T06:53:30.157Z] [functions[europe-west1-analyzeMessage]] http function initialized (http://127.0.0.1:5001/adroit-minutia-494222-c6/europe-west1/analyzeMessage).
[debug] [2026-05-15T06:53:30.157Z] [functions[europe-west1-invalidateSession]] http function initialized (http://127.0.0.1:5001/adroit-minutia-494222-c6/europe-west1/invalidateSession).
[debug] [2026-05-15T06:53:30.157Z] [functions[europe-west1-scheduledRetentionJob]] function ignored because the pubsub emulator does not exist or is not running.
[debug] [2026-05-15T06:53:30.157Z] [functions[europe-west1-notifyNewFile]] http function initialized (http://127.0.0.1:5001/adroit-minutia-494222-c6/europe-west1/notifyNewFile).
[info] i  functions: Loaded functions: generateEmbedding, analyzeMessage, invalidateSession, scheduledRetentionJob, notifyNewFile 
[warn] ⚠  functions: The following emulators are not running, calls to these services will affect production: firestore, database, pubsub, storage, eventarc, tasks 
[debug] [2026-05-15T07:17:59.481Z] DEBUG: File /Users/Livskompassen/livskompassen-v2/functions/lib/agents/kompis-supervisor.js.map changed, reloading triggers
[debug] [2026-05-15T07:17:59.545Z] DEBUG: File /Users/Livskompassen/livskompassen-v2/functions/lib/index.js.map changed, reloading triggers
[debug] [2026-05-15T07:17:59.545Z] DEBUG: File /Users/Livskompassen/livskompassen-v2/functions/lib/agents/types.js.map changed, reloading triggers
[debug] [2026-05-15T07:17:59.545Z] DEBUG: File /Users/Livskompassen/livskompassen-v2/functions/lib/lib/vertexCache.js.map changed, reloading triggers
[debug] [2026-05-15T07:17:59.546Z] DEBUG: File /Users/Livskompassen/livskompassen-v2/functions/lib/agents/DCAP.js changed, reloading triggers
[debug] [2026-05-15T07:17:59.547Z] DEBUG: File /Users/Livskompassen/livskompassen-v2/functions/lib/agents/kompis-supervisor.js changed, reloading triggers
[debug] [2026-05-15T07:17:59.547Z] DEBUG: File /Users/Livskompassen/livskompassen-v2/functions/lib/agents/cards/index.js changed, reloading triggers
[debug] [2026-05-15T07:17:59.548Z] DEBUG: File /Users/Livskompassen/livskompassen-v2/functions/lib/jobs/retentionJob.js.map changed, reloading triggers
[debug] [2026-05-15T07:17:59.548Z] DEBUG: File /Users/Livskompassen/livskompassen-v2/functions/lib/agents/cards/index.js.map changed, reloading triggers
[debug] [2026-05-15T07:17:59.549Z] DEBUG: File /Users/Livskompassen/livskompassen-v2/functions/lib/agents/types.js changed, reloading triggers
[debug] [2026-05-15T07:17:59.549Z] DEBUG: File /Users/Livskompassen/livskompassen-v2/functions/lib/index.js changed, reloading triggers
[debug] [2026-05-15T07:17:59.550Z] DEBUG: File /Users/Livskompassen/livskompassen-v2/functions/lib/lib/vertexCache.js changed, reloading triggers
[debug] [2026-05-15T07:17:59.550Z] DEBUG: File /Users/Livskompassen/livskompassen-v2/functions/lib/agents/DCAP.js.map changed, reloading triggers
[debug] [2026-05-15T07:17:59.551Z] DEBUG: File /Users/Livskompassen/livskompassen-v2/functions/lib/jobs/retentionJob.js changed, reloading triggers
[debug] [2026-05-15T07:18:00.582Z] Validating nodejs source
[warn] ⚠  functions: package.json indicates an outdated version of firebase-functions. Please upgrade using npm install --save firebase-functions@latest in your functions directory. 
[warn] ⚠  functions: Please note that there will be breaking changes when you upgrade. 
[debug] [2026-05-15T07:18:01.503Z] > [functions] package.json contents: {
  "name": "functions",
  "scripts": {
    "build": "tsc",
    "build:watch": "tsc --watch",
    "serve": "npm run build && firebase emulators:start --only functions",
    "shell": "npm run build && firebase functions:shell",
    "start": "npm run shell",
    "deploy": "firebase deploy --only functions",
    "logs": "firebase functions:log"
  },
  "engines": {
    "node": "20"
  },
  "main": "lib/index.js",
  "dependencies": {
    "@google-cloud/aiplatform": "^3.25.0",
    "@google-cloud/firestore": "^7.9.0",
    "@google-cloud/vertexai": "^1.9.0",
    "@google/generative-ai": "^0.21.0",
    "firebase-admin": "^12.1.0",
    "firebase-functions": "^5.0.0"
  },
  "devDependencies": {
    "typescript": "^5.0.0",
    "firebase-functions-test": "^3.1.0"
  },
  "private": true
}
[debug] [2026-05-15T07:18:01.503Z] Building nodejs source
[debug] [2026-05-15T07:18:01.503Z] Failed to find version of module node: reached end of search path /Users/Livskompassen/livskompassen-v2/functions/node_modules
[warn] ⚠  functions: Your requested "node" version "20" doesn't match your global version "24". Using node@24 from host. 
[debug] [2026-05-15T07:18:01.510Z] Could not find functions.yaml. Must use http discovery
[debug] [2026-05-15T07:18:01.516Z] Found firebase-functions binary at '/Users/Livskompassen/livskompassen-v2/functions/node_modules/.bin/firebase-functions'
[info] Serving at port 8342

[debug] [2026-05-15T07:18:01.949Z] Got response from /__/functions.yaml {"endpoints":{"generateEmbedding":{"platform":"gcfv1","labels":{},"availableMemoryMb":null,"timeoutSeconds":null,"minInstances":null,"maxInstances":null,"ingressSettings":null,"serviceAccountEmail":null,"vpc":null,"region":["europe-west1"],"callableTrigger":{},"entryPoint":"generateEmbedding"},"analyzeMessage":{"platform":"gcfv1","labels":{},"availableMemoryMb":null,"timeoutSeconds":null,"minInstances":null,"maxInstances":null,"ingressSettings":null,"serviceAccountEmail":null,"vpc":null,"region":["europe-west1"],"callableTrigger":{},"entryPoint":"analyzeMessage"},"invalidateSession":{"platform":"gcfv1","labels":{},"availableMemoryMb":null,"timeoutSeconds":null,"minInstances":null,"maxInstances":null,"ingressSettings":null,"serviceAccountEmail":null,"vpc":null,"region":["europe-west1"],"callableTrigger":{},"entryPoint":"invalidateSession"},"scheduledRetentionJob":{"platform":"gcfv1","availableMemoryMb":null,"timeoutSeconds":null,"minInstances":null,"maxInstances":null,"ingressSettings":null,"serviceAccountEmail":null,"vpc":null,"region":["europe-west1"],"scheduleTrigger":{"schedule":"0 3 * * *","retryConfig":{"retryCount":null,"maxDoublings":null,"maxRetryDuration":null,"maxBackoffDuration":null,"minBackoffDuration":null},"timeZone":"Europe/Stockholm"},"labels":{},"entryPoint":"scheduledRetentionJob"},"notifyNewFile":{"platform":"gcfv1","availableMemoryMb":null,"timeoutSeconds":null,"minInstances":null,"maxInstances":null,"ingressSettings":null,"serviceAccountEmail":null,"vpc":null,"region":["europe-west1"],"httpsTrigger":{},"entryPoint":"notifyNewFile"}},"specVersion":"v1alpha1","requiredAPIs":[{"api":"cloudscheduler.googleapis.com","reason":"Needed for scheduled functions."}],"extensions":{}}
[debug] [2026-05-15T07:18:05.983Z] [functions] Loaded functions definitions from source: generateEmbedding, analyzeMessage, invalidateSession, scheduledRetentionJob, notifyNewFile.
