0 verbose cli /usr/local/bin/node /usr/local/bin/npm
1 info using npm@11.12.1
2 info using node@v24.15.0
3 silly config load:file:/usr/local/lib/node_modules/npm/npmrc
4 silly config load:file:/Users/Livskompassen/livskompassen-v2/server/.npmrc
5 silly config load:file:/Users/Livskompassen/.npmrc
6 silly config load:file:/usr/local/etc/npmrc
7 verbose title npm install
8 verbose argv "install" "--cache" "/Users/Livskompassen/livskompassen-v2/npm-cache-temp"
9 verbose logfile logs-max:10 dir:/Users/Livskompassen/livskompassen-v2/npm-cache-temp/_logs/2026-05-15T14_36_32_082Z-
10 verbose logfile /Users/Livskompassen/livskompassen-v2/npm-cache-temp/_logs/2026-05-15T14_36_32_082Z-debug-0.log
11 silly logfile done cleaning log files
12 silly packumentCache heap:2348810240 maxSize:587202560 maxEntrySize:293601280
13 silly idealTree buildDeps
14 silly fetch manifest @google/generative-ai@^0.21.0
15 silly packumentCache full:https://registry.npmjs.org/@google%2fgenerative-ai cache-miss
16 http fetch GET 200 https://registry.npmjs.org/@google%2fgenerative-ai 295ms (cache miss)
17 silly packumentCache full:https://registry.npmjs.org/@google%2fgenerative-ai set size:undefined disposed:false
18 silly fetch manifest @simplewebauthn/server@^13.1.1
19 silly packumentCache full:https://registry.npmjs.org/@simplewebauthn%2fserver cache-miss
20 http cache https://registry.npmjs.org/@simplewebauthn%2fserver 5ms (cache hit)
21 silly packumentCache full:https://registry.npmjs.org/@simplewebauthn%2fserver set size:280566 disposed:false
22 silly fetch manifest @simplewebauthn/types@^13.1.1
23 silly packumentCache full:https://registry.npmjs.org/@simplewebauthn%2ftypes cache-miss
24 http cache https://registry.npmjs.org/@simplewebauthn%2ftypes 2ms (cache hit)
25 silly packumentCache full:https://registry.npmjs.org/@simplewebauthn%2ftypes set size:14167 disposed:false
26 silly fetch manifest cookie-parser@^1.4.7
27 silly packumentCache full:https://registry.npmjs.org/cookie-parser cache-miss
28 http cache https://registry.npmjs.org/cookie-parser 4ms (cache hit)
29 silly packumentCache full:https://registry.npmjs.org/cookie-parser set size:44731 disposed:false
30 silly fetch manifest dotenv@^16.4.5
31 silly packumentCache full:https://registry.npmjs.org/dotenv cache-miss
32 http cache https://registry.npmjs.org/dotenv 2ms (cache hit)
33 silly packumentCache full:https://registry.npmjs.org/dotenv set size:277832 disposed:false
34 silly fetch manifest express@^4.21.1
35 silly packumentCache full:https://registry.npmjs.org/express cache-miss
36 http cache https://registry.npmjs.org/express 4ms (cache hit)
37 silly packumentCache full:https://registry.npmjs.org/express set size:804926 disposed:false
38 silly fetch manifest google-auth-library@^9.14.2
39 silly packumentCache full:https://registry.npmjs.org/google-auth-library cache-miss
40 http cache https://registry.npmjs.org/google-auth-library 3ms (cache hit)
41 silly packumentCache full:https://registry.npmjs.org/google-auth-library set size:724318 disposed:false
42 silly fetch manifest googleapis@^144.0.0
43 silly packumentCache full:https://registry.npmjs.org/googleapis cache-miss
44 http cache https://registry.npmjs.org/googleapis 3ms (cache hit)
45 silly packumentCache full:https://registry.npmjs.org/googleapis set size:1072298 disposed:false
46 silly fetch manifest multer@^1.4.5-lts.1
47 silly packumentCache full:https://registry.npmjs.org/multer cache-miss
48 http cache https://registry.npmjs.org/multer 3ms (cache hit)
49 silly packumentCache full:https://registry.npmjs.org/multer set size:150932 disposed:false
50 silly fetch manifest tsx@^4.19.1
51 silly packumentCache full:https://registry.npmjs.org/tsx cache-miss
52 http cache https://registry.npmjs.org/tsx 2ms (cache hit)
53 silly packumentCache full:https://registry.npmjs.org/tsx set size:294629 disposed:false
54 silly fetch manifest @types/cookie-parser@^1.4.7
55 silly packumentCache full:https://registry.npmjs.org/@types%2fcookie-parser cache-miss
56 http cache https://registry.npmjs.org/@types%2fcookie-parser 1ms (cache hit)
57 silly packumentCache full:https://registry.npmjs.org/@types%2fcookie-parser set size:35995 disposed:false
58 silly fetch manifest @types/express@^5.0.0
59 silly packumentCache full:https://registry.npmjs.org/@types%2fexpress cache-miss
60 http cache https://registry.npmjs.org/@types%2fexpress 1ms (cache hit)
61 silly packumentCache full:https://registry.npmjs.org/@types%2fexpress set size:111364 disposed:false
62 silly fetch manifest @types/multer@^1.4.12
63 silly packumentCache full:https://registry.npmjs.org/@types%2fmulter cache-miss
64 http cache https://registry.npmjs.org/@types%2fmulter 1ms (cache hit)
65 silly packumentCache full:https://registry.npmjs.org/@types%2fmulter set size:85793 disposed:false
66 silly fetch manifest @types/node@^22.7.5
67 silly packumentCache full:https://registry.npmjs.org/@types%2fnode cache-miss
68 http cache https://registry.npmjs.org/@types%2fnode 11ms (cache hit)
69 silly packumentCache full:https://registry.npmjs.org/@types%2fnode set size:11008407 disposed:false
70 silly fetch manifest typescript@^5.6.3
71 silly packumentCache full:https://registry.npmjs.org/typescript cache-miss
72 http cache https://registry.npmjs.org/typescript 24ms (cache hit)
73 silly packumentCache full:https://registry.npmjs.org/typescript set size:15409943 disposed:false
74 silly placeDep ROOT @google/generative-ai@0.21.0 OK for: livskompassen-backend@1.0.0 want: ^0.21.0
75 silly placeDep ROOT @simplewebauthn/server@13.3.0 OK for: livskompassen-backend@1.0.0 want: ^13.1.1
76 silly placeDep ROOT @simplewebauthn/types@ OK for: livskompassen-backend@1.0.0 want: ^13.1.1
77 silly placeDep ROOT @types/cookie-parser@1.4.10 OK for: livskompassen-backend@1.0.0 want: ^1.4.7
78 silly placeDep ROOT @types/express@5.0.6 OK for: @types/cookie-parser@1.4.10 want: *
79 silly placeDep ROOT @types/multer@1.4.13 OK for: livskompassen-backend@1.0.0 want: ^1.4.12
80 silly placeDep ROOT @types/node@22.19.19 OK for: livskompassen-backend@1.0.0 want: ^22.7.5
81 silly placeDep ROOT cookie-parser@1.4.7 OK for: livskompassen-backend@1.0.0 want: ^1.4.7
82 silly placeDep ROOT dotenv@16.6.1 OK for: livskompassen-backend@1.0.0 want: ^16.4.5
83 silly placeDep ROOT express@4.22.2 OK for: livskompassen-backend@1.0.0 want: ^4.21.1
84 silly placeDep ROOT google-auth-library@9.15.1 OK for: livskompassen-backend@1.0.0 want: ^9.14.2
85 silly placeDep ROOT googleapis@144.0.0 OK for: livskompassen-backend@1.0.0 want: ^144.0.0
86 silly placeDep ROOT multer@1.4.5-lts.2 OK for: livskompassen-backend@1.0.0 want: ^1.4.5-lts.1
87 silly placeDep ROOT tsx@4.22.0 OK for: livskompassen-backend@1.0.0 want: ^4.19.1
88 silly placeDep ROOT typescript@5.9.3 OK for: livskompassen-backend@1.0.0 want: ^5.6.3
89 silly fetch manifest @hexagon/base64@^1.1.27
90 silly packumentCache full:https://registry.npmjs.org/@hexagon%2fbase64 cache-miss
91 silly fetch manifest @levischuck/tiny-cbor@^0.2.2
92 silly packumentCache full:https://registry.npmjs.org/@levischuck%2ftiny-cbor cache-miss
93 silly fetch manifest @peculiar/asn1-android@^2.6.0
94 silly packumentCache full:https://registry.npmjs.org/@peculiar%2fasn1-android cache-miss
95 silly fetch manifest @peculiar/asn1-ecc@^2.6.1
96 silly packumentCache full:https://registry.npmjs.org/@peculiar%2fasn1-ecc cache-miss
97 silly fetch manifest @peculiar/asn1-rsa@^2.6.1
98 silly packumentCache full:https://registry.npmjs.org/@peculiar%2fasn1-rsa cache-miss
99 silly fetch manifest @peculiar/asn1-schema@^2.6.0
100 silly packumentCache full:https://registry.npmjs.org/@peculiar%2fasn1-schema cache-miss
101 silly fetch manifest @peculiar/asn1-x509@^2.6.1
102 silly packumentCache full:https://registry.npmjs.org/@peculiar%2fasn1-x509 cache-miss
103 http cache https://registry.npmjs.org/@hexagon%2fbase64 10ms (cache hit)
104 silly packumentCache full:https://registry.npmjs.org/@hexagon%2fbase64 set size:106815 disposed:false
105 silly fetch manifest @peculiar/x509@^1.14.3
106 silly packumentCache full:https://registry.npmjs.org/@peculiar%2fx509 cache-miss
107 http cache https://registry.npmjs.org/@peculiar%2fasn1-android 11ms (cache hit)
108 silly packumentCache full:https://registry.npmjs.org/@peculiar%2fasn1-android set size:131837 disposed:false
109 silly fetch manifest @types/body-parser@*
110 silly packumentCache full:https://registry.npmjs.org/@types%2fbody-parser cache-miss
111 http cache https://registry.npmjs.org/@peculiar%2fasn1-ecc 12ms (cache hit)
112 silly packumentCache full:https://registry.npmjs.org/@peculiar%2fasn1-ecc set size:145631 disposed:false
113 silly fetch manifest @types/serve-static@^2
114 silly packumentCache full:https://registry.npmjs.org/@types%2fserve-static cache-miss
115 http cache https://registry.npmjs.org/@levischuck%2ftiny-cbor 13ms (cache hit)
116 silly packumentCache full:https://registry.npmjs.org/@levischuck%2ftiny-cbor set size:25152 disposed:false
117 silly fetch manifest @types/express-serve-static-core@^5.0.0
118 silly packumentCache full:https://registry.npmjs.org/@types%2fexpress-serve-static-core cache-miss
119 http cache https://registry.npmjs.org/@peculiar%2fasn1-schema 13ms (cache hit)
120 silly packumentCache full:https://registry.npmjs.org/@peculiar%2fasn1-schema set size:159707 disposed:false
121 silly fetch manifest undici-types@~6.21.0
122 silly packumentCache full:https://registry.npmjs.org/undici-types cache-miss
123 http cache https://registry.npmjs.org/@peculiar%2fasn1-rsa 14ms (cache hit)
124 silly packumentCache full:https://registry.npmjs.org/@peculiar%2fasn1-rsa set size:170072 disposed:false
125 silly fetch manifest cookie@0.7.2
126 silly packumentCache full:https://registry.npmjs.org/cookie cache-miss
127 http cache https://registry.npmjs.org/@peculiar%2fasn1-x509 15ms (cache hit)
128 silly packumentCache full:https://registry.npmjs.org/@peculiar%2fasn1-x509 set size:171762 disposed:false
129 silly fetch manifest cookie-signature@1.0.6
130 silly packumentCache full:https://registry.npmjs.org/cookie-signature cache-miss
131 http cache https://registry.npmjs.org/cookie 3ms (cache hit)
132 silly packumentCache full:https://registry.npmjs.org/cookie set size:72891 disposed:false
133 silly fetch manifest accepts@~1.3.8
134 silly packumentCache full:https://registry.npmjs.org/accepts cache-miss
135 http cache https://registry.npmjs.org/@peculiar%2fx509 9ms (cache hit)
136 silly packumentCache full:https://registry.npmjs.org/@peculiar%2fx509 set size:263262 disposed:false
137 silly fetch manifest array-flatten@1.1.1
138 silly packumentCache full:https://registry.npmjs.org/array-flatten cache-miss
139 http cache https://registry.npmjs.org/undici-types 7ms (cache hit)
140 silly packumentCache full:https://registry.npmjs.org/undici-types set size:214705 disposed:false
141 silly fetch manifest body-parser@~1.20.5
142 silly packumentCache full:https://registry.npmjs.org/body-parser cache-miss
143 http cache https://registry.npmjs.org/@types%2fserve-static 10ms (cache hit)
144 silly packumentCache full:https://registry.npmjs.org/@types%2fserve-static set size:70859 disposed:false
145 silly fetch manifest content-disposition@~0.5.4
146 silly packumentCache full:https://registry.npmjs.org/content-disposition cache-miss
147 http cache https://registry.npmjs.org/@types%2fbody-parser 11ms (cache hit)
148 silly packumentCache full:https://registry.npmjs.org/@types%2fbody-parser set size:59466 disposed:false
149 silly fetch manifest content-type@~1.0.4
150 silly packumentCache full:https://registry.npmjs.org/content-type cache-miss
151 http cache https://registry.npmjs.org/cookie-signature 8ms (cache hit)
152 silly packumentCache full:https://registry.npmjs.org/cookie-signature set size:21777 disposed:false
153 silly fetch manifest cookie@~0.7.1
154 silly packumentCache full:https://registry.npmjs.org/cookie cache-hit
155 silly fetch manifest cookie-signature@~1.0.6
156 silly packumentCache full:https://registry.npmjs.org/cookie-signature cache-hit
157 silly fetch manifest debug@2.6.9
158 silly packumentCache full:https://registry.npmjs.org/debug cache-miss
159 http cache https://registry.npmjs.org/@types%2fexpress-serve-static-core 12ms (cache hit)
160 silly packumentCache full:https://registry.npmjs.org/@types%2fexpress-serve-static-core set size:264345 disposed:false
161 silly fetch manifest depd@2.0.0
162 silly packumentCache full:https://registry.npmjs.org/depd cache-miss
163 http cache https://registry.npmjs.org/accepts 11ms (cache hit)
164 silly packumentCache full:https://registry.npmjs.org/accepts set size:77054 disposed:false
165 silly fetch manifest encodeurl@~2.0.0
166 silly packumentCache full:https://registry.npmjs.org/encodeurl cache-miss
167 http cache https://registry.npmjs.org/array-flatten 10ms (cache hit)
168 silly packumentCache full:https://registry.npmjs.org/array-flatten set size:24005 disposed:false
169 silly fetch manifest escape-html@~1.0.3
170 silly packumentCache full:https://registry.npmjs.org/escape-html cache-miss
171 http cache https://registry.npmjs.org/body-parser 10ms (cache hit)
172 silly packumentCache full:https://registry.npmjs.org/body-parser set size:199299 disposed:false
173 silly fetch manifest etag@~1.8.1
174 silly packumentCache full:https://registry.npmjs.org/etag cache-miss
175 http cache https://registry.npmjs.org/content-type 9ms (cache hit)
176 silly packumentCache full:https://registry.npmjs.org/content-type set size:18994 disposed:false
177 silly fetch manifest finalhandler@~1.3.1
178 silly packumentCache full:https://registry.npmjs.org/finalhandler cache-miss
179 http cache https://registry.npmjs.org/depd 7ms (cache hit)
180 silly packumentCache full:https://registry.npmjs.org/depd set size:40182 disposed:false
181 silly fetch manifest fresh@~0.5.2
182 silly packumentCache full:https://registry.npmjs.org/fresh cache-miss
183 http cache https://registry.npmjs.org/content-disposition 11ms (cache hit)
184 silly packumentCache full:https://registry.npmjs.org/content-disposition set size:40258 disposed:false
185 silly fetch manifest http-errors@~2.0.0
186 silly packumentCache full:https://registry.npmjs.org/http-errors cache-miss
187 http cache https://registry.npmjs.org/debug 10ms (cache hit)
188 silly packumentCache full:https://registry.npmjs.org/debug set size:195840 disposed:false
189 silly fetch manifest merge-descriptors@1.0.3
190 silly packumentCache full:https://registry.npmjs.org/merge-descriptors cache-miss
191 http cache https://registry.npmjs.org/escape-html 8ms (cache hit)
192 silly packumentCache full:https://registry.npmjs.org/escape-html set size:7345 disposed:false
193 silly fetch manifest methods@~1.1.2
194 silly packumentCache full:https://registry.npmjs.org/methods cache-miss
195 http cache https://registry.npmjs.org/etag 7ms (cache hit)
196 silly packumentCache full:https://registry.npmjs.org/etag set size:30032 disposed:false
197 silly fetch manifest on-finished@~2.4.1
198 silly packumentCache full:https://registry.npmjs.org/on-finished cache-miss
199 http cache https://registry.npmjs.org/encodeurl 9ms (cache hit)
200 silly packumentCache full:https://registry.npmjs.org/encodeurl set size:12296 disposed:false
201 silly fetch manifest parseurl@~1.3.3
202 silly packumentCache full:https://registry.npmjs.org/parseurl cache-miss
203 http cache https://registry.npmjs.org/http-errors 7ms (cache hit)
204 silly packumentCache full:https://registry.npmjs.org/http-errors set size:71987 disposed:false
205 silly fetch manifest path-to-regexp@~0.1.12
206 silly packumentCache full:https://registry.npmjs.org/path-to-regexp cache-miss
207 http cache https://registry.npmjs.org/finalhandler 9ms (cache hit)
208 silly packumentCache full:https://registry.npmjs.org/finalhandler set size:79291 disposed:false
209 silly fetch manifest proxy-addr@~2.0.7
210 silly packumentCache full:https://registry.npmjs.org/proxy-addr cache-miss
211 http cache https://registry.npmjs.org/fresh 8ms (cache hit)
212 silly packumentCache full:https://registry.npmjs.org/fresh set size:25427 disposed:false
213 silly fetch manifest qs@~6.15.1
214 silly packumentCache full:https://registry.npmjs.org/qs cache-miss
215 http cache https://registry.npmjs.org/merge-descriptors 7ms (cache hit)
216 silly packumentCache full:https://registry.npmjs.org/merge-descriptors set size:16527 disposed:false
217 silly fetch manifest range-parser@~1.2.1
218 silly packumentCache full:https://registry.npmjs.org/range-parser cache-miss
219 http cache https://registry.npmjs.org/methods 7ms (cache hit)
220 silly packumentCache full:https://registry.npmjs.org/methods set size:12600 disposed:false
221 silly fetch manifest safe-buffer@5.2.1
222 silly packumentCache full:https://registry.npmjs.org/safe-buffer cache-miss
223 http cache https://registry.npmjs.org/path-to-regexp 7ms (cache hit)
224 silly packumentCache full:https://registry.npmjs.org/path-to-regexp set size:216334 disposed:false
225 silly fetch manifest send@~0.19.0
226 silly packumentCache full:https://registry.npmjs.org/send cache-miss
227 http cache https://registry.npmjs.org/on-finished 9ms (cache hit)
228 silly packumentCache full:https://registry.npmjs.org/on-finished set size:23212 disposed:false
229 silly fetch manifest serve-static@~1.16.2
230 silly packumentCache full:https://registry.npmjs.org/serve-static cache-miss
231 http cache https://registry.npmjs.org/proxy-addr 8ms (cache hit)
232 silly packumentCache full:https://registry.npmjs.org/proxy-addr set size:61619 disposed:false
233 silly fetch manifest setprototypeof@1.2.0
234 silly packumentCache full:https://registry.npmjs.org/setprototypeof cache-miss
235 http cache https://registry.npmjs.org/parseurl 9ms (cache hit)
236 silly packumentCache full:https://registry.npmjs.org/parseurl set size:24148 disposed:false
237 silly fetch manifest statuses@~2.0.1
238 silly packumentCache full:https://registry.npmjs.org/statuses cache-miss
239 http cache https://registry.npmjs.org/qs 8ms (cache hit)
240 silly packumentCache full:https://registry.npmjs.org/qs set size:353582 disposed:false
241 silly fetch manifest type-is@~1.6.18
242 silly packumentCache full:https://registry.npmjs.org/type-is cache-miss
243 http cache https://registry.npmjs.org/range-parser 10ms (cache hit)
244 silly packumentCache full:https://registry.npmjs.org/range-parser set size:22228 disposed:false
245 silly fetch manifest utils-merge@1.0.1
246 silly packumentCache full:https://registry.npmjs.org/utils-merge cache-miss
247 http cache https://registry.npmjs.org/safe-buffer 10ms (cache hit)
248 silly packumentCache full:https://registry.npmjs.org/safe-buffer set size:41183 disposed:false
249 silly fetch manifest vary@~1.1.2
250 silly packumentCache full:https://registry.npmjs.org/vary cache-miss
251 http cache https://registry.npmjs.org/setprototypeof 7ms (cache hit)
252 silly packumentCache full:https://registry.npmjs.org/setprototypeof set size:14532 disposed:false
253 silly fetch manifest jws@^4.0.0
254 silly packumentCache full:https://registry.npmjs.org/jws cache-miss
255 http cache https://registry.npmjs.org/statuses 7ms (cache hit)
256 silly packumentCache full:https://registry.npmjs.org/statuses set size:37117 disposed:false
257 silly fetch manifest gaxios@^6.1.1
258 silly packumentCache full:https://registry.npmjs.org/gaxios cache-miss
259 http cache https://registry.npmjs.org/utils-merge 4ms (cache hit)
260 silly packumentCache full:https://registry.npmjs.org/utils-merge set size:5237 disposed:false
261 silly fetch manifest gtoken@^7.0.0
262 silly packumentCache full:https://registry.npmjs.org/gtoken cache-miss
263 http cache https://registry.npmjs.org/type-is 6ms (cache hit)
264 silly packumentCache full:https://registry.npmjs.org/type-is set size:88614 disposed:false
265 silly fetch manifest base64-js@^1.3.0
266 silly packumentCache full:https://registry.npmjs.org/base64-js cache-miss
267 http cache https://registry.npmjs.org/serve-static 10ms (cache hit)
268 silly packumentCache full:https://registry.npmjs.org/serve-static set size:150391 disposed:false
269 silly fetch manifest gcp-metadata@^6.1.0
270 silly packumentCache full:https://registry.npmjs.org/gcp-metadata cache-miss
271 http cache https://registry.npmjs.org/send 12ms (cache hit)
272 silly packumentCache full:https://registry.npmjs.org/send set size:152810 disposed:false
273 silly fetch manifest ecdsa-sig-formatter@^1.0.11
274 silly packumentCache full:https://registry.npmjs.org/ecdsa-sig-formatter cache-miss
275 http cache https://registry.npmjs.org/vary 8ms (cache hit)
276 silly packumentCache full:https://registry.npmjs.org/vary set size:15994 disposed:false
277 silly fetch manifest googleapis-common@^7.0.0
278 silly packumentCache full:https://registry.npmjs.org/googleapis-common cache-miss
279 http cache https://registry.npmjs.org/base64-js 7ms (cache hit)
280 silly packumentCache full:https://registry.npmjs.org/base64-js set size:41270 disposed:false
281 silly fetch manifest xtend@^4.0.0
282 silly packumentCache full:https://registry.npmjs.org/xtend cache-miss
283 http cache https://registry.npmjs.org/jws 8ms (cache hit)
284 silly packumentCache full:https://registry.npmjs.org/jws set size:48919 disposed:false
285 silly fetch manifest busboy@^1.0.0
286 silly packumentCache full:https://registry.npmjs.org/busboy cache-miss
287 http cache https://registry.npmjs.org/gtoken 8ms (cache hit)
288 silly packumentCache full:https://registry.npmjs.org/gtoken set size:155604 disposed:false
289 silly fetch manifest mkdirp@^0.5.4
290 silly packumentCache full:https://registry.npmjs.org/mkdirp cache-miss
291 http cache https://registry.npmjs.org/gaxios 10ms (cache hit)
292 silly packumentCache full:https://registry.npmjs.org/gaxios set size:345358 disposed:false
293 silly fetch manifest type-is@^1.6.4
294 silly packumentCache full:https://registry.npmjs.org/type-is cache-hit
295 silly fetch manifest append-field@^1.0.0
296 silly packumentCache full:https://registry.npmjs.org/append-field cache-miss
297 http cache https://registry.npmjs.org/ecdsa-sig-formatter 11ms (cache hit)
298 silly packumentCache full:https://registry.npmjs.org/ecdsa-sig-formatter set size:23546 disposed:false
299 silly fetch manifest concat-stream@^1.5.2
300 silly packumentCache full:https://registry.npmjs.org/concat-stream cache-miss
301 http cache https://registry.npmjs.org/gcp-metadata 13ms (cache hit)
302 silly packumentCache full:https://registry.npmjs.org/gcp-metadata set size:191448 disposed:false
303 silly fetch manifest object-assign@^4.1.1
304 silly packumentCache full:https://registry.npmjs.org/object-assign cache-miss
305 http cache https://registry.npmjs.org/xtend 11ms (cache hit)
306 silly packumentCache full:https://registry.npmjs.org/xtend set size:28314 disposed:false
307 silly fetch manifest esbuild@~0.28.0
308 silly packumentCache full:https://registry.npmjs.org/esbuild cache-miss
309 http cache https://registry.npmjs.org/googleapis-common 13ms (cache hit)
310 silly packumentCache full:https://registry.npmjs.org/googleapis-common set size:226933 disposed:false
311 silly fetch manifest fsevents@~2.3.3
312 silly packumentCache full:https://registry.npmjs.org/fsevents cache-miss
313 http cache https://registry.npmjs.org/busboy 13ms (cache hit)
314 silly packumentCache full:https://registry.npmjs.org/busboy set size:78901 disposed:false
315 http cache https://registry.npmjs.org/append-field 10ms (cache hit)
316 silly packumentCache full:https://registry.npmjs.org/append-field set size:7798 disposed:false
317 http cache https://registry.npmjs.org/mkdirp 14ms (cache hit)
318 silly packumentCache full:https://registry.npmjs.org/mkdirp set size:116431 disposed:false
319 http cache https://registry.npmjs.org/concat-stream 10ms (cache hit)
320 silly packumentCache full:https://registry.npmjs.org/concat-stream set size:63783 disposed:false
321 http cache https://registry.npmjs.org/object-assign 8ms (cache hit)
322 silly packumentCache full:https://registry.npmjs.org/object-assign set size:28988 disposed:false
323 http cache https://registry.npmjs.org/esbuild 7ms (cache hit)
324 silly packumentCache full:https://registry.npmjs.org/esbuild set size:1254708 disposed:false
325 http cache https://registry.npmjs.org/fsevents 9ms (cache hit)
326 silly packumentCache full:https://registry.npmjs.org/fsevents set size:182472 disposed:false
327 silly placeDep ROOT @hexagon/base64@1.1.28 OK for: @simplewebauthn/server@13.3.0 want: ^1.1.27
328 silly placeDep ROOT @levischuck/tiny-cbor@0.2.11 OK for: @simplewebauthn/server@13.3.0 want: ^0.2.2
329 silly placeDep ROOT @peculiar/asn1-android@2.7.0 OK for: @simplewebauthn/server@13.3.0 want: ^2.6.0
330 silly placeDep ROOT @peculiar/asn1-ecc@2.7.0 OK for: @simplewebauthn/server@13.3.0 want: ^2.6.1
331 silly placeDep ROOT @peculiar/asn1-rsa@2.7.0 OK for: @simplewebauthn/server@13.3.0 want: ^2.6.1
332 silly placeDep ROOT @peculiar/asn1-schema@2.7.0 OK for: @simplewebauthn/server@13.3.0 want: ^2.6.0
333 silly placeDep ROOT @peculiar/asn1-x509@2.7.0 OK for: @simplewebauthn/server@13.3.0 want: ^2.6.1
334 silly placeDep ROOT @peculiar/x509@1.14.3 OK for: @simplewebauthn/server@13.3.0 want: ^1.14.3
335 silly fetch manifest @peculiar/asn1-schema@^2.7.0
336 silly packumentCache full:https://registry.npmjs.org/@peculiar%2fasn1-schema cache-hit
337 silly fetch manifest asn1js@^3.0.6
338 silly packumentCache full:https://registry.npmjs.org/asn1js cache-miss
339 silly fetch manifest tslib@^2.8.1
340 silly packumentCache full:https://registry.npmjs.org/tslib cache-miss
341 silly fetch manifest @peculiar/asn1-schema@^2.7.0
342 silly packumentCache full:https://registry.npmjs.org/@peculiar%2fasn1-schema cache-hit
343 silly fetch manifest @peculiar/asn1-x509@^2.7.0
344 silly packumentCache full:https://registry.npmjs.org/@peculiar%2fasn1-x509 cache-hit
345 silly fetch manifest asn1js@^3.0.6
346 silly packumentCache full:https://registry.npmjs.org/asn1js cache-miss
347 silly fetch manifest tslib@^2.8.1
348 silly packumentCache full:https://registry.npmjs.org/tslib cache-miss
349 silly fetch manifest asn1js@^3.0.6
350 silly packumentCache full:https://registry.npmjs.org/asn1js cache-miss
351 silly fetch manifest tslib@^2.8.1
352 silly packumentCache full:https://registry.npmjs.org/tslib cache-miss
353 silly fetch manifest @peculiar/utils@^2.0.2
354 silly packumentCache full:https://registry.npmjs.org/@peculiar%2futils cache-miss
355 http cache https://registry.npmjs.org/tslib 5ms (cache hit)
356 silly packumentCache full:https://registry.npmjs.org/tslib set size:108760 disposed:false
357 silly fetch manifest asn1js@^3.0.6
358 silly packumentCache full:https://registry.npmjs.org/asn1js cache-miss
359 http cache https://registry.npmjs.org/asn1js 6ms (cache hit)
360 silly packumentCache full:https://registry.npmjs.org/asn1js set size:127835 disposed:false
361 silly fetch manifest @peculiar/utils@^2.0.2
362 silly packumentCache full:https://registry.npmjs.org/@peculiar%2futils cache-miss
363 http cache https://registry.npmjs.org/@peculiar%2futils 5ms (cache hit)
364 silly packumentCache full:https://registry.npmjs.org/@peculiar%2futils set size:25580 disposed:false
365 silly fetch manifest tsyringe@^4.10.0
366 silly packumentCache full:https://registry.npmjs.org/tsyringe cache-miss
367 http cache https://registry.npmjs.org/tslib 6ms (cache hit)
368 silly packumentCache full:https://registry.npmjs.org/tslib set size:108760 disposed:false
369 silly packumentCache full:https://registry.npmjs.org/tslib dispose
370 silly fetch manifest pvtsutils@^1.3.6
371 silly packumentCache full:https://registry.npmjs.org/pvtsutils cache-miss
372 http cache https://registry.npmjs.org/asn1js 7ms (cache hit)
373 silly packumentCache full:https://registry.npmjs.org/asn1js set size:127835 disposed:false
374 silly packumentCache full:https://registry.npmjs.org/asn1js dispose
375 silly fetch manifest reflect-metadata@^0.2.2
376 silly packumentCache full:https://registry.npmjs.org/reflect-metadata cache-miss
377 http cache https://registry.npmjs.org/asn1js 9ms (cache hit)
378 silly packumentCache full:https://registry.npmjs.org/asn1js set size:127835 disposed:true
379 silly packumentCache full:https://registry.npmjs.org/asn1js dispose
380 silly fetch manifest @peculiar/asn1-cms@^2.6.0
381 silly packumentCache full:https://registry.npmjs.org/@peculiar%2fasn1-cms cache-miss
382 http cache https://registry.npmjs.org/tslib 9ms (cache hit)
383 silly packumentCache full:https://registry.npmjs.org/tslib set size:108760 disposed:true
384 silly packumentCache full:https://registry.npmjs.org/tslib dispose
385 silly fetch manifest @peculiar/asn1-csr@^2.6.0
386 silly packumentCache full:https://registry.npmjs.org/@peculiar%2fasn1-csr cache-miss
387 http cache https://registry.npmjs.org/pvtsutils 4ms (cache hit)
388 silly packumentCache full:https://registry.npmjs.org/pvtsutils set size:111560 disposed:false
389 silly fetch manifest @peculiar/asn1-pkcs9@^2.6.0
390 silly packumentCache full:https://registry.npmjs.org/@peculiar%2fasn1-pkcs9 cache-miss
391 http cache https://registry.npmjs.org/asn1js 8ms (cache hit)
392 silly packumentCache full:https://registry.npmjs.org/asn1js set size:127835 disposed:true
393 silly packumentCache full:https://registry.npmjs.org/asn1js dispose
394 http cache https://registry.npmjs.org/@peculiar%2futils 8ms (cache hit)
395 silly packumentCache full:https://registry.npmjs.org/@peculiar%2futils set size:25580 disposed:false
396 silly packumentCache full:https://registry.npmjs.org/@peculiar%2futils dispose
397 http cache https://registry.npmjs.org/tsyringe 7ms (cache hit)
398 silly packumentCache full:https://registry.npmjs.org/tsyringe set size:107081 disposed:false
399 http cache https://registry.npmjs.org/reflect-metadata 7ms (cache hit)
400 silly packumentCache full:https://registry.npmjs.org/reflect-metadata set size:61305 disposed:false
401 http cache https://registry.npmjs.org/@peculiar%2fasn1-cms 7ms (cache hit)
402 silly packumentCache full:https://registry.npmjs.org/@peculiar%2fasn1-cms set size:186923 disposed:false
403 http cache https://registry.npmjs.org/@peculiar%2fasn1-csr 7ms (cache hit)
404 silly packumentCache full:https://registry.npmjs.org/@peculiar%2fasn1-csr set size:167904 disposed:false
405 http cache https://registry.npmjs.org/@peculiar%2fasn1-pkcs9 5ms (cache hit)
406 silly packumentCache full:https://registry.npmjs.org/@peculiar%2fasn1-pkcs9 set size:140349 disposed:false
407 silly placeDep ROOT asn1js@3.0.10 OK for: @peculiar/asn1-android@2.7.0 want: ^3.0.6
408 silly placeDep ROOT tslib@2.8.1 OK for: @peculiar/asn1-android@2.7.0 want: ^2.8.1
409 silly fetch manifest pvutils@^1.1.5
410 silly packumentCache full:https://registry.npmjs.org/pvutils cache-miss
411 http cache https://registry.npmjs.org/pvutils 1ms (cache hit)
412 silly packumentCache full:https://registry.npmjs.org/pvutils set size:52835 disposed:false
413 silly placeDep ROOT @peculiar/utils@2.0.3 OK for: @peculiar/asn1-schema@2.7.0 want: ^2.0.2
414 silly placeDep ROOT @peculiar/asn1-cms@2.7.0 OK for: @peculiar/x509@1.14.3 want: ^2.6.0
415 silly placeDep ROOT @peculiar/asn1-csr@2.7.0 OK for: @peculiar/x509@1.14.3 want: ^2.6.0
416 silly placeDep ROOT @peculiar/asn1-pkcs9@2.7.0 OK for: @peculiar/x509@1.14.3 want: ^2.6.0
417 silly placeDep ROOT pvtsutils@1.3.6 OK for: @peculiar/x509@1.14.3 want: ^1.3.6
418 silly placeDep ROOT reflect-metadata@0.2.2 OK for: @peculiar/x509@1.14.3 want: ^0.2.2
419 silly placeDep ROOT tsyringe@4.10.0 OK for: @peculiar/x509@1.14.3 want: ^4.10.0
420 silly fetch manifest @peculiar/asn1-x509-attr@^2.7.0
421 silly packumentCache full:https://registry.npmjs.org/@peculiar%2fasn1-x509-attr cache-miss
422 silly fetch manifest @peculiar/asn1-pfx@^2.7.0
423 silly packumentCache full:https://registry.npmjs.org/@peculiar%2fasn1-pfx cache-miss
424 silly fetch manifest @peculiar/asn1-pkcs8@^2.7.0
425 silly packumentCache full:https://registry.npmjs.org/@peculiar%2fasn1-pkcs8 cache-miss
426 silly fetch manifest @peculiar/asn1-x509-attr@^2.7.0
427 silly packumentCache full:https://registry.npmjs.org/@peculiar%2fasn1-x509-attr cache-miss
428 silly fetch manifest tslib@^1.9.3
429 silly packumentCache full:https://registry.npmjs.org/tslib cache-hit
430 http cache https://registry.npmjs.org/@peculiar%2fasn1-x509-attr 5ms (cache hit)
431 silly packumentCache full:https://registry.npmjs.org/@peculiar%2fasn1-x509-attr set size:171628 disposed:false
432 http cache https://registry.npmjs.org/@peculiar%2fasn1-pfx 6ms (cache hit)
433 silly packumentCache full:https://registry.npmjs.org/@peculiar%2fasn1-pfx set size:190046 disposed:false
434 http cache https://registry.npmjs.org/@peculiar%2fasn1-x509-attr 6ms (cache hit)
435 silly packumentCache full:https://registry.npmjs.org/@peculiar%2fasn1-x509-attr set size:171628 disposed:false
436 silly packumentCache full:https://registry.npmjs.org/@peculiar%2fasn1-x509-attr dispose
437 http cache https://registry.npmjs.org/@peculiar%2fasn1-pkcs8 7ms (cache hit)
438 silly packumentCache full:https://registry.npmjs.org/@peculiar%2fasn1-pkcs8 set size:170290 disposed:false
439 silly placeDep ROOT @peculiar/asn1-x509-attr@2.7.0 OK for: @peculiar/asn1-cms@2.7.0 want: ^2.7.0
440 silly placeDep ROOT @peculiar/asn1-pfx@2.7.0 OK for: @peculiar/asn1-pkcs9@2.7.0 want: ^2.7.0
441 silly placeDep ROOT @peculiar/asn1-pkcs8@2.7.0 OK for: @peculiar/asn1-pkcs9@2.7.0 want: ^2.7.0
442 silly placeDep ROOT @types/body-parser@1.19.6 OK for: @types/express@5.0.6 want: *
443 silly placeDep ROOT @types/express-serve-static-core@5.1.1 OK for: @types/express@5.0.6 want: ^5.0.0
444 silly placeDep ROOT @types/serve-static@2.2.0 OK for: @types/express@5.0.6 want: ^2
445 silly fetch manifest @types/connect@*
446 silly packumentCache full:https://registry.npmjs.org/@types%2fconnect cache-miss
447 silly fetch manifest @types/qs@*
448 silly packumentCache full:https://registry.npmjs.org/@types%2fqs cache-miss
449 silly fetch manifest @types/send@*
450 silly packumentCache full:https://registry.npmjs.org/@types%2fsend cache-miss
451 silly fetch manifest @types/range-parser@*
452 silly packumentCache full:https://registry.npmjs.org/@types%2frange-parser cache-miss
453 silly fetch manifest @types/http-errors@*
454 silly packumentCache full:https://registry.npmjs.org/@types%2fhttp-errors cache-miss
455 http cache https://registry.npmjs.org/@types%2fqs 2ms (cache hit)
456 silly packumentCache full:https://registry.npmjs.org/@types%2fqs set size:84522 disposed:false
457 http cache https://registry.npmjs.org/@types%2fsend 3ms (cache hit)
458 silly packumentCache full:https://registry.npmjs.org/@types%2fsend set size:29985 disposed:false
459 http cache https://registry.npmjs.org/@types%2fconnect 3ms (cache hit)
460 silly packumentCache full:https://registry.npmjs.org/@types%2fconnect set size:31512 disposed:false
461 http cache https://registry.npmjs.org/@types%2frange-parser 3ms (cache hit)
462 silly packumentCache full:https://registry.npmjs.org/@types%2frange-parser set size:15278 disposed:false
463 http cache https://registry.npmjs.org/@types%2fhttp-errors 3ms (cache hit)
464 silly packumentCache full:https://registry.npmjs.org/@types%2fhttp-errors set size:48994 disposed:false
465 silly placeDep ROOT @types/connect@3.4.38 OK for: @types/body-parser@1.19.6 want: *
466 silly placeDep ROOT @types/qs@6.15.1 OK for: @types/express-serve-static-core@5.1.1 want: *
467 silly placeDep ROOT @types/range-parser@1.2.7 OK for: @types/express-serve-static-core@5.1.1 want: *
468 silly placeDep ROOT @types/send@1.2.1 OK for: @types/express-serve-static-core@5.1.1 want: *
469 silly placeDep ROOT undici-types@6.21.0 OK for: @types/node@22.19.19 want: ~6.21.0
470 silly placeDep ROOT @types/http-errors@2.0.5 OK for: @types/serve-static@2.2.0 want: *
471 silly placeDep ROOT pvutils@1.1.5 OK for: asn1js@3.0.10 want: ^1.1.5
472 silly placeDep ROOT cookie@0.7.2 OK for: cookie-parser@1.4.7 want: 0.7.2
473 silly placeDep ROOT cookie-signature@1.0.6 OK for: cookie-parser@1.4.7 want: 1.0.6
474 silly placeDep ROOT accepts@1.3.8 OK for: express@4.22.2 want: ~1.3.8
475 silly placeDep ROOT array-flatten@1.1.1 OK for: express@4.22.2 want: 1.1.1
476 silly placeDep ROOT body-parser@1.20.5 OK for: express@4.22.2 want: ~1.20.5
477 silly placeDep ROOT content-disposition@0.5.4 OK for: express@4.22.2 want: ~0.5.4
478 silly placeDep ROOT content-type@1.0.5 OK for: express@4.22.2 want: ~1.0.4
479 silly placeDep ROOT debug@2.6.9 OK for: express@4.22.2 want: 2.6.9
480 silly placeDep ROOT depd@2.0.0 OK for: express@4.22.2 want: 2.0.0
481 silly placeDep ROOT encodeurl@2.0.0 OK for: express@4.22.2 want: ~2.0.0
482 silly placeDep ROOT escape-html@1.0.3 OK for: express@4.22.2 want: ~1.0.3
483 silly placeDep ROOT etag@1.8.1 OK for: express@4.22.2 want: ~1.8.1
484 silly placeDep ROOT finalhandler@1.3.2 OK for: express@4.22.2 want: ~1.3.1
485 silly placeDep ROOT fresh@0.5.2 OK for: express@4.22.2 want: ~0.5.2
486 silly placeDep ROOT http-errors@2.0.1 OK for: express@4.22.2 want: ~2.0.0
487 silly placeDep ROOT merge-descriptors@1.0.3 OK for: express@4.22.2 want: 1.0.3
488 silly placeDep ROOT methods@1.1.2 OK for: express@4.22.2 want: ~1.1.2
489 silly placeDep ROOT on-finished@2.4.1 OK for: express@4.22.2 want: ~2.4.1
490 silly placeDep ROOT parseurl@1.3.3 OK for: express@4.22.2 want: ~1.3.3
491 silly placeDep ROOT path-to-regexp@0.1.13 OK for: express@4.22.2 want: ~0.1.12
492 silly placeDep ROOT proxy-addr@2.0.7 OK for: express@4.22.2 want: ~2.0.7
493 silly placeDep ROOT qs@6.15.1 OK for: express@4.22.2 want: ~6.15.1
494 silly placeDep ROOT range-parser@1.2.1 OK for: express@4.22.2 want: ~1.2.1
495 silly placeDep ROOT safe-buffer@5.2.1 OK for: express@4.22.2 want: 5.2.1
496 silly placeDep ROOT send@0.19.2 OK for: express@4.22.2 want: ~0.19.0
497 silly placeDep ROOT serve-static@1.16.3 OK for: express@4.22.2 want: ~1.16.2
498 silly placeDep ROOT setprototypeof@1.2.0 OK for: express@4.22.2 want: 1.2.0
499 silly placeDep ROOT statuses@2.0.2 OK for: express@4.22.2 want: ~2.0.1
500 silly placeDep ROOT type-is@1.6.18 OK for: express@4.22.2 want: ~1.6.18
501 silly placeDep ROOT utils-merge@1.0.1 OK for: express@4.22.2 want: 1.0.1
502 silly placeDep ROOT vary@1.1.2 OK for: express@4.22.2 want: ~1.1.2
503 silly fetch manifest mime-types@~2.1.34
504 silly packumentCache full:https://registry.npmjs.org/mime-types cache-miss
505 silly fetch manifest negotiator@0.6.3
506 silly packumentCache full:https://registry.npmjs.org/negotiator cache-miss
507 silly fetch manifest bytes@~3.1.2
508 silly packumentCache full:https://registry.npmjs.org/bytes cache-miss
509 silly fetch manifest content-type@~1.0.5
510 silly packumentCache full:https://registry.npmjs.org/content-type cache-hit
511 silly fetch manifest destroy@~1.2.0
512 silly packumentCache full:https://registry.npmjs.org/destroy cache-miss
513 silly fetch manifest http-errors@~2.0.1
514 silly packumentCache full:https://registry.npmjs.org/http-errors cache-hit
515 silly fetch manifest iconv-lite@~0.4.24
516 silly packumentCache full:https://registry.npmjs.org/iconv-lite cache-miss
517 silly fetch manifest raw-body@~2.5.3
518 silly packumentCache full:https://registry.npmjs.org/raw-body cache-miss
519 silly fetch manifest unpipe@~1.0.0
520 silly packumentCache full:https://registry.npmjs.org/unpipe cache-miss
521 http cache https://registry.npmjs.org/destroy 3ms (cache hit)
522 silly packumentCache full:https://registry.npmjs.org/destroy set size:15738 disposed:false
523 silly fetch manifest ms@2.0.0
524 silly packumentCache full:https://registry.npmjs.org/ms cache-miss
525 http cache https://registry.npmjs.org/mime-types 5ms (cache hit)
526 silly packumentCache full:https://registry.npmjs.org/mime-types set size:139110 disposed:false
527 silly fetch manifest unpipe@~1.0.0
528 silly packumentCache full:https://registry.npmjs.org/unpipe cache-miss
529 http cache https://registry.npmjs.org/unpipe 5ms (cache hit)
530 silly packumentCache full:https://registry.npmjs.org/unpipe set size:3609 disposed:false
531 silly fetch manifest statuses@~2.0.2
532 silly packumentCache full:https://registry.npmjs.org/statuses cache-hit
533 silly fetch manifest inherits@~2.0.4
534 silly packumentCache full:https://registry.npmjs.org/inherits cache-miss
535 http cache https://registry.npmjs.org/bytes 6ms (cache hit)
536 silly packumentCache full:https://registry.npmjs.org/bytes set size:37018 disposed:false
537 silly fetch manifest setprototypeof@~1.2.0
538 silly packumentCache full:https://registry.npmjs.org/setprototypeof cache-hit
539 silly fetch manifest toidentifier@~1.0.1
540 silly packumentCache full:https://registry.npmjs.org/toidentifier cache-miss
541 http cache https://registry.npmjs.org/raw-body 6ms (cache hit)
542 silly packumentCache full:https://registry.npmjs.org/raw-body set size:117822 disposed:false
543 silly fetch manifest ee-first@1.1.1
544 silly packumentCache full:https://registry.npmjs.org/ee-first cache-miss
545 http cache https://registry.npmjs.org/iconv-lite 8ms (cache hit)
546 silly packumentCache full:https://registry.npmjs.org/iconv-lite set size:120557 disposed:false
547 silly fetch manifest forwarded@0.2.0
548 silly packumentCache full:https://registry.npmjs.org/forwarded cache-miss
549 http cache https://registry.npmjs.org/negotiator 10ms (cache hit)
550 silly packumentCache full:https://registry.npmjs.org/negotiator set size:48046 disposed:false
551 silly fetch manifest ipaddr.js@1.9.1
552 silly packumentCache full:https://registry.npmjs.org/ipaddr.js cache-miss
553 http cache https://registry.npmjs.org/ms 9ms (cache hit)
554 silly packumentCache full:https://registry.npmjs.org/ms set size:92208 disposed:false
555 silly fetch manifest side-channel@^1.1.0
556 silly packumentCache full:https://registry.npmjs.org/side-channel cache-miss
557 http cache https://registry.npmjs.org/inherits 8ms (cache hit)
558 silly packumentCache full:https://registry.npmjs.org/inherits set size:12925 disposed:false
559 silly fetch manifest ms@2.1.3
560 silly packumentCache full:https://registry.npmjs.org/ms cache-hit
561 silly fetch manifest mime@1.6.0
562 silly packumentCache full:https://registry.npmjs.org/mime cache-miss
563 http cache https://registry.npmjs.org/ipaddr.js 4ms (cache hit)
564 silly packumentCache full:https://registry.npmjs.org/ipaddr.js set size:69563 disposed:false
565 silly fetch manifest destroy@1.2.0
566 silly packumentCache full:https://registry.npmjs.org/destroy cache-hit
567 silly fetch manifest mime-types@~2.1.24
568 silly packumentCache full:https://registry.npmjs.org/mime-types cache-hit
569 silly fetch manifest media-typer@0.3.0
570 silly packumentCache full:https://registry.npmjs.org/media-typer cache-miss
571 http cache https://registry.npmjs.org/forwarded 6ms (cache hit)
572 silly packumentCache full:https://registry.npmjs.org/forwarded set size:11229 disposed:false
573 http cache https://registry.npmjs.org/ee-first 8ms (cache hit)
574 silly packumentCache full:https://registry.npmjs.org/ee-first set size:15327 disposed:false
575 http cache https://registry.npmjs.org/toidentifier 9ms (cache hit)
576 silly packumentCache full:https://registry.npmjs.org/toidentifier set size:12006 disposed:false
577 http cache https://registry.npmjs.org/unpipe 10ms (cache hit)
578 silly packumentCache full:https://registry.npmjs.org/unpipe set size:3609 disposed:false
579 silly packumentCache full:https://registry.npmjs.org/unpipe dispose
580 http cache https://registry.npmjs.org/side-channel 4ms (cache hit)
581 silly packumentCache full:https://registry.npmjs.org/side-channel set size:24660 disposed:false
582 http cache https://registry.npmjs.org/mime 4ms (cache hit)
583 silly packumentCache full:https://registry.npmjs.org/mime set size:119236 disposed:false
584 http cache https://registry.npmjs.org/media-typer 4ms (cache hit)
585 silly packumentCache full:https://registry.npmjs.org/media-typer set size:20873 disposed:false
586 silly placeDep ROOT mime-types@2.1.35 OK for: accepts@1.3.8 want: ~2.1.34
587 silly placeDep ROOT negotiator@0.6.3 OK for: accepts@1.3.8 want: 0.6.3
588 silly fetch manifest mime-db@1.52.0
589 silly packumentCache full:https://registry.npmjs.org/mime-db cache-miss
590 http cache https://registry.npmjs.org/mime-db 1ms (cache hit)
591 silly packumentCache full:https://registry.npmjs.org/mime-db set size:164953 disposed:false
592 silly placeDep ROOT bytes@3.1.2 OK for: body-parser@1.20.5 want: ~3.1.2
593 silly placeDep ROOT destroy@1.2.0 OK for: body-parser@1.20.5 want: ~1.2.0
594 silly placeDep ROOT iconv-lite@0.4.24 OK for: body-parser@1.20.5 want: ~0.4.24
595 silly placeDep ROOT raw-body@2.5.3 OK for: body-parser@1.20.5 want: ~2.5.3
596 silly placeDep ROOT unpipe@1.0.0 OK for: body-parser@1.20.5 want: ~1.0.0
597 silly fetch manifest safer-buffer@>= 2.1.2 < 3
598 silly packumentCache full:https://registry.npmjs.org/safer-buffer cache-miss
599 http cache https://registry.npmjs.org/safer-buffer 3ms (cache hit)
600 silly packumentCache full:https://registry.npmjs.org/safer-buffer set size:18521 disposed:false
601 silly placeDep ROOT ms@2.0.0 OK for: debug@2.6.9 want: 2.0.0
602 silly placeDep ROOT base64-js@1.5.1 OK for: google-auth-library@9.15.1 want: ^1.3.0
603 silly placeDep ROOT ecdsa-sig-formatter@1.0.11 OK for: google-auth-library@9.15.1 want: ^1.0.11
604 silly placeDep ROOT gaxios@6.7.1 OK for: google-auth-library@9.15.1 want: ^6.1.1
605 silly placeDep ROOT gcp-metadata@6.1.1 OK for: google-auth-library@9.15.1 want: ^6.1.0
606 silly placeDep ROOT gtoken@7.1.0 OK for: google-auth-library@9.15.1 want: ^7.0.0
607 silly placeDep ROOT jws@4.0.1 OK for: google-auth-library@9.15.1 want: ^4.0.0
608 silly fetch manifest uuid@^9.0.1
609 silly packumentCache full:https://registry.npmjs.org/uuid cache-miss
610 silly fetch manifest extend@^3.0.2
611 silly packumentCache full:https://registry.npmjs.org/extend cache-miss
612 silly fetch manifest is-stream@^2.0.0
613 silly packumentCache full:https://registry.npmjs.org/is-stream cache-miss
614 silly fetch manifest node-fetch@^2.6.9
615 silly packumentCache full:https://registry.npmjs.org/node-fetch cache-miss
616 silly fetch manifest https-proxy-agent@^7.0.1
617 silly packumentCache full:https://registry.npmjs.org/https-proxy-agent cache-miss
618 silly fetch manifest json-bigint@^1.0.0
619 silly packumentCache full:https://registry.npmjs.org/json-bigint cache-miss
620 silly fetch manifest google-logging-utils@^0.0.2
621 silly packumentCache full:https://registry.npmjs.org/google-logging-utils cache-miss
622 http cache https://registry.npmjs.org/uuid 3ms (cache hit)
623 silly packumentCache full:https://registry.npmjs.org/uuid set size:234700 disposed:false
624 silly fetch manifest jwa@^2.0.1
625 silly packumentCache full:https://registry.npmjs.org/jwa cache-miss
626 http cache https://registry.npmjs.org/node-fetch 6ms (cache hit)
627 silly packumentCache full:https://registry.npmjs.org/node-fetch set size:896010 disposed:false
628 http cache https://registry.npmjs.org/json-bigint 10ms (cache hit)
629 silly packumentCache full:https://registry.npmjs.org/json-bigint set size:36963 disposed:false
630 http cache https://registry.npmjs.org/is-stream 11ms (cache hit)
631 silly packumentCache full:https://registry.npmjs.org/is-stream set size:18582 disposed:false
632 http cache https://registry.npmjs.org/google-logging-utils 11ms (cache hit)
633 silly packumentCache full:https://registry.npmjs.org/google-logging-utils set size:21694 disposed:false
634 http cache https://registry.npmjs.org/https-proxy-agent 11ms (cache hit)
635 silly packumentCache full:https://registry.npmjs.org/https-proxy-agent set size:81258 disposed:false
636 http cache https://registry.npmjs.org/extend 12ms (cache hit)
637 silly packumentCache full:https://registry.npmjs.org/extend set size:25974 disposed:false
638 http cache https://registry.npmjs.org/jwa 9ms (cache hit)
639 silly packumentCache full:https://registry.npmjs.org/jwa set size:39956 disposed:false
640 silly fetch manifest encoding@^0.1.0
641 silly packumentCache full:https://registry.npmjs.org/encoding cache-miss
642 http cache https://registry.npmjs.org/encoding 1ms (cache hit)
643 silly packumentCache full:https://registry.npmjs.org/encoding set size:17833 disposed:false
644 silly placeDep ROOT extend@3.0.2 OK for: gaxios@6.7.1 want: ^3.0.2
645 silly placeDep ROOT https-proxy-agent@7.0.6 OK for: gaxios@6.7.1 want: ^7.0.1
646 silly placeDep ROOT is-stream@2.0.1 OK for: gaxios@6.7.1 want: ^2.0.0
647 silly placeDep ROOT node-fetch@2.7.0 OK for: gaxios@6.7.1 want: ^2.6.9
648 silly placeDep ROOT uuid@9.0.1 OK for: gaxios@6.7.1 want: ^9.0.1
649 silly fetch manifest debug@4
650 silly packumentCache full:https://registry.npmjs.org/debug cache-hit
651 silly fetch manifest agent-base@^7.1.2
652 silly packumentCache full:https://registry.npmjs.org/agent-base cache-miss
653 silly fetch manifest whatwg-url@^5.0.0
654 silly packumentCache full:https://registry.npmjs.org/whatwg-url cache-miss
655 http cache https://registry.npmjs.org/whatwg-url 5ms (cache hit)
656 silly packumentCache full:https://registry.npmjs.org/whatwg-url set size:170765 disposed:false
657 http cache https://registry.npmjs.org/agent-base 7ms (cache hit)
658 silly packumentCache full:https://registry.npmjs.org/agent-base set size:72085 disposed:false
659 silly placeDep ROOT google-logging-utils@0.0.2 OK for: gcp-metadata@6.1.1 want: ^0.0.2
660 silly placeDep ROOT json-bigint@1.0.0 OK for: gcp-metadata@6.1.1 want: ^1.0.0
661 silly fetch manifest bignumber.js@^9.0.0
662 silly packumentCache full:https://registry.npmjs.org/bignumber.js cache-miss
663 http cache https://registry.npmjs.org/bignumber.js 4ms (cache hit)
664 silly packumentCache full:https://registry.npmjs.org/bignumber.js set size:139519 disposed:false
665 silly placeDep ROOT googleapis-common@7.2.0 OK for: googleapis@144.0.0 want: ^7.0.0
666 silly fetch manifest url-template@^2.0.8
667 silly packumentCache full:https://registry.npmjs.org/url-template cache-miss
668 http cache https://registry.npmjs.org/url-template 2ms (cache hit)
669 silly packumentCache full:https://registry.npmjs.org/url-template set size:25205 disposed:false
670 silly placeDep ROOT url-template@2.0.8 OK for: googleapis-common@7.2.0 want: ^2.0.8
671 silly placeDep ROOT inherits@2.0.4 OK for: http-errors@2.0.1 want: ~2.0.4
672 silly placeDep ROOT toidentifier@1.0.1 OK for: http-errors@2.0.1 want: ~1.0.1
673 silly placeDep ROOT agent-base@7.1.4 OK for: https-proxy-agent@7.0.6 want: ^7.1.2
674 silly placeDep node_modules/https-proxy-agent debug@4.4.3 OK for: https-proxy-agent@7.0.6 want: 4
675 silly fetch manifest ms@^2.1.3
676 silly packumentCache full:https://registry.npmjs.org/ms cache-hit
677 silly placeDep ROOT safer-buffer@2.1.2 OK for: iconv-lite@0.4.24 want: >= 2.1.2 < 3
678 silly placeDep ROOT bignumber.js@9.3.1 OK for: json-bigint@1.0.0 want: ^9.0.0
679 silly placeDep ROOT jwa@2.0.1 OK for: jws@4.0.1 want: ^2.0.1
680 silly fetch manifest buffer-equal-constant-time@^1.0.1
681 silly packumentCache full:https://registry.npmjs.org/buffer-equal-constant-time cache-miss
682 http cache https://registry.npmjs.org/buffer-equal-constant-time 6ms (cache hit)
683 silly packumentCache full:https://registry.npmjs.org/buffer-equal-constant-time set size:4390 disposed:false
684 silly placeDep ROOT buffer-equal-constant-time@1.0.1 OK for: jwa@2.0.1 want: ^1.0.1
685 silly placeDep ROOT mime-db@1.52.0 OK for: mime-types@2.1.35 want: 1.52.0
686 silly placeDep ROOT append-field@1.0.0 OK for: multer@1.4.5-lts.2 want: ^1.0.0
687 silly placeDep ROOT busboy@1.6.0 OK for: multer@1.4.5-lts.2 want: ^1.0.0
688 silly placeDep ROOT concat-stream@1.6.2 OK for: multer@1.4.5-lts.2 want: ^1.5.2
689 silly placeDep ROOT mkdirp@0.5.6 OK for: multer@1.4.5-lts.2 want: ^0.5.4
690 silly placeDep ROOT object-assign@4.1.1 OK for: multer@1.4.5-lts.2 want: ^4.1.1
691 silly placeDep ROOT xtend@4.0.2 OK for: multer@1.4.5-lts.2 want: ^4.0.0
692 silly fetch manifest streamsearch@^1.1.0
693 silly packumentCache full:https://registry.npmjs.org/streamsearch cache-miss
694 silly fetch manifest buffer-from@^1.0.0
695 silly packumentCache full:https://registry.npmjs.org/buffer-from cache-miss
696 silly fetch manifest readable-stream@^2.2.2
697 silly packumentCache full:https://registry.npmjs.org/readable-stream cache-miss
698 silly fetch manifest typedarray@^0.0.6
699 silly packumentCache full:https://registry.npmjs.org/typedarray cache-miss
700 silly fetch manifest minimist@^1.2.6
701 silly packumentCache full:https://registry.npmjs.org/minimist cache-miss
702 http cache https://registry.npmjs.org/streamsearch 4ms (cache hit)
703 silly packumentCache full:https://registry.npmjs.org/streamsearch set size:27372 disposed:false
704 http cache https://registry.npmjs.org/buffer-from 4ms (cache hit)
705 silly packumentCache full:https://registry.npmjs.org/buffer-from set size:15463 disposed:false
706 http cache https://registry.npmjs.org/typedarray 5ms (cache hit)
707 silly packumentCache full:https://registry.npmjs.org/typedarray set size:18469 disposed:false
708 http cache https://registry.npmjs.org/minimist 4ms (cache hit)
709 silly packumentCache full:https://registry.npmjs.org/minimist set size:77063 disposed:false
710 http cache https://registry.npmjs.org/readable-stream 6ms (cache hit)
711 silly packumentCache full:https://registry.npmjs.org/readable-stream set size:261096 disposed:false
712 silly placeDep ROOT streamsearch@1.1.0 OK for: busboy@1.6.0 want: ^1.1.0
713 silly placeDep ROOT buffer-from@1.1.2 OK for: concat-stream@1.6.2 want: ^1.0.0
714 silly placeDep ROOT readable-stream@2.3.8 OK for: concat-stream@1.6.2 want: ^2.2.2
715 silly placeDep ROOT typedarray@0.0.6 OK for: concat-stream@1.6.2 want: ^0.0.6
716 silly fetch manifest isarray@~1.0.0
717 silly packumentCache full:https://registry.npmjs.org/isarray cache-miss
718 silly fetch manifest safe-buffer@~5.1.1
719 silly packumentCache full:https://registry.npmjs.org/safe-buffer cache-hit
720 silly fetch manifest core-util-is@~1.0.0
721 silly packumentCache full:https://registry.npmjs.org/core-util-is cache-miss
722 silly fetch manifest string_decoder@~1.1.1
723 silly packumentCache full:https://registry.npmjs.org/string_decoder cache-miss
724 silly fetch manifest util-deprecate@~1.0.1
725 silly packumentCache full:https://registry.npmjs.org/util-deprecate cache-miss
726 silly fetch manifest process-nextick-args@~2.0.0
727 silly packumentCache full:https://registry.npmjs.org/process-nextick-args cache-miss
728 http cache https://registry.npmjs.org/process-nextick-args 3ms (cache hit)
729 silly packumentCache full:https://registry.npmjs.org/process-nextick-args set size:15428 disposed:false
730 http cache https://registry.npmjs.org/isarray 3ms (cache hit)
731 silly packumentCache full:https://registry.npmjs.org/isarray set size:17392 disposed:false
732 http cache https://registry.npmjs.org/util-deprecate 4ms (cache hit)
733 silly packumentCache full:https://registry.npmjs.org/util-deprecate set size:6674 disposed:false
734 http cache https://registry.npmjs.org/string_decoder 4ms (cache hit)
735 silly packumentCache full:https://registry.npmjs.org/string_decoder set size:28441 disposed:false
736 http cache https://registry.npmjs.org/core-util-is 4ms (cache hit)
737 silly packumentCache full:https://registry.npmjs.org/core-util-is set size:7163 disposed:false
738 silly placeDep ROOT minimist@1.2.8 OK for: mkdirp@0.5.6 want: ^1.2.6
739 silly placeDep ROOT whatwg-url@5.0.0 OK for: node-fetch@2.7.0 want: ^5.0.0
740 silly fetch manifest tr46@~0.0.3
741 silly packumentCache full:https://registry.npmjs.org/tr46 cache-miss
742 silly fetch manifest webidl-conversions@^3.0.0
743 silly packumentCache full:https://registry.npmjs.org/webidl-conversions cache-miss
744 http cache https://registry.npmjs.org/webidl-conversions 2ms (cache hit)
745 silly packumentCache full:https://registry.npmjs.org/webidl-conversions set size:46073 disposed:false
746 http cache https://registry.npmjs.org/tr46 2ms (cache hit)
747 silly packumentCache full:https://registry.npmjs.org/tr46 set size:47377 disposed:false
748 silly placeDep ROOT ee-first@1.1.1 OK for: on-finished@2.4.1 want: 1.1.1
749 silly placeDep ROOT forwarded@0.2.0 OK for: proxy-addr@2.0.7 want: 0.2.0
750 silly placeDep ROOT ipaddr.js@1.9.1 OK for: proxy-addr@2.0.7 want: 1.9.1
751 silly placeDep ROOT side-channel@1.1.0 OK for: qs@6.15.1 want: ^1.1.0
752 silly fetch manifest es-errors@^1.3.0
753 silly packumentCache full:https://registry.npmjs.org/es-errors cache-miss
754 silly fetch manifest object-inspect@^1.13.3
755 silly packumentCache full:https://registry.npmjs.org/object-inspect cache-miss
756 silly fetch manifest side-channel-list@^1.0.0
757 silly packumentCache full:https://registry.npmjs.org/side-channel-list cache-miss
758 silly fetch manifest side-channel-map@^1.0.1
759 silly packumentCache full:https://registry.npmjs.org/side-channel-map cache-miss
760 silly fetch manifest side-channel-weakmap@^1.0.2
761 silly packumentCache full:https://registry.npmjs.org/side-channel-weakmap cache-miss
762 http cache https://registry.npmjs.org/es-errors 11ms (cache hit)
763 silly packumentCache full:https://registry.npmjs.org/es-errors set size:16918 disposed:false
764 http cache https://registry.npmjs.org/side-channel-weakmap 10ms (cache hit)
765 silly packumentCache full:https://registry.npmjs.org/side-channel-weakmap set size:12620 disposed:false
766 http cache https://registry.npmjs.org/side-channel-list 10ms (cache hit)
767 silly packumentCache full:https://registry.npmjs.org/side-channel-list set size:9021 disposed:false
768 http cache https://registry.npmjs.org/object-inspect 12ms (cache hit)
769 silly packumentCache full:https://registry.npmjs.org/object-inspect set size:101912 disposed:false
770 http cache https://registry.npmjs.org/side-channel-map 11ms (cache hit)
771 silly packumentCache full:https://registry.npmjs.org/side-channel-map set size:9126 disposed:false
772 silly placeDep ROOT core-util-is@1.0.3 OK for: readable-stream@2.3.8 want: ~1.0.0
773 silly placeDep ROOT isarray@1.0.0 OK for: readable-stream@2.3.8 want: ~1.0.0
774 silly placeDep ROOT process-nextick-args@2.0.1 OK for: readable-stream@2.3.8 want: ~2.0.0
775 silly placeDep node_modules/readable-stream safe-buffer@5.1.2 OK for: readable-stream@2.3.8 want: ~5.1.1
776 silly placeDep ROOT string_decoder@1.1.1 OK for: readable-stream@2.3.8 want: ~1.1.1
777 silly placeDep ROOT util-deprecate@1.0.2 OK for: readable-stream@2.3.8 want: ~1.0.1
778 silly fetch manifest safe-buffer@~5.1.0
779 silly packumentCache full:https://registry.npmjs.org/safe-buffer cache-hit
780 silly placeDep ROOT mime@1.6.0 OK for: send@0.19.2 want: 1.6.0
781 silly placeDep node_modules/send ms@2.1.3 OK for: send@0.19.2 want: 2.1.3
782 silly placeDep ROOT es-errors@1.3.0 OK for: side-channel@1.1.0 want: ^1.3.0
783 silly placeDep ROOT object-inspect@1.13.4 OK for: side-channel@1.1.0 want: ^1.13.3
784 silly placeDep ROOT side-channel-list@1.0.1 OK for: side-channel@1.1.0 want: ^1.0.0
785 silly placeDep ROOT side-channel-map@1.0.1 OK for: side-channel@1.1.0 want: ^1.0.1
786 silly placeDep ROOT side-channel-weakmap@1.0.2 OK for: side-channel@1.1.0 want: ^1.0.2
787 silly fetch manifest call-bound@^1.0.2
788 silly packumentCache full:https://registry.npmjs.org/call-bound cache-miss
789 silly fetch manifest get-intrinsic@^1.2.5
790 silly packumentCache full:https://registry.npmjs.org/get-intrinsic cache-miss
791 silly fetch manifest call-bound@^1.0.2
792 silly packumentCache full:https://registry.npmjs.org/call-bound cache-miss
793 silly fetch manifest get-intrinsic@^1.2.5
794 silly packumentCache full:https://registry.npmjs.org/get-intrinsic cache-miss
795 http cache https://registry.npmjs.org/get-intrinsic 2ms (cache hit)
796 silly packumentCache full:https://registry.npmjs.org/get-intrinsic set size:60985 disposed:false
797 http cache https://registry.npmjs.org/call-bound 3ms (cache hit)
798 silly packumentCache full:https://registry.npmjs.org/call-bound set size:15317 disposed:false
799 http cache https://registry.npmjs.org/get-intrinsic 3ms (cache hit)
800 silly packumentCache full:https://registry.npmjs.org/get-intrinsic set size:60985 disposed:false
801 silly packumentCache full:https://registry.npmjs.org/get-intrinsic dispose
802 http cache https://registry.npmjs.org/call-bound 4ms (cache hit)
803 silly packumentCache full:https://registry.npmjs.org/call-bound set size:15317 disposed:false
804 silly packumentCache full:https://registry.npmjs.org/call-bound dispose
805 silly placeDep ROOT call-bound@1.0.4 OK for: side-channel-map@1.0.1 want: ^1.0.2
806 silly placeDep ROOT get-intrinsic@1.3.0 OK for: side-channel-map@1.0.1 want: ^1.2.5
807 silly fetch manifest call-bind-apply-helpers@^1.0.2
808 silly packumentCache full:https://registry.npmjs.org/call-bind-apply-helpers cache-miss
809 silly fetch manifest get-intrinsic@^1.3.0
810 silly packumentCache full:https://registry.npmjs.org/get-intrinsic cache-hit
811 silly fetch manifest gopd@^1.2.0
812 silly packumentCache full:https://registry.npmjs.org/gopd cache-miss
813 silly fetch manifest hasown@^2.0.2
814 silly packumentCache full:https://registry.npmjs.org/hasown cache-miss
815 silly fetch manifest get-proto@^1.0.1
816 silly packumentCache full:https://registry.npmjs.org/get-proto cache-miss
817 silly fetch manifest has-symbols@^1.1.0
818 silly packumentCache full:https://registry.npmjs.org/has-symbols cache-miss
819 silly fetch manifest function-bind@^1.1.2
820 silly packumentCache full:https://registry.npmjs.org/function-bind cache-miss
821 silly fetch manifest es-object-atoms@^1.1.1
822 silly packumentCache full:https://registry.npmjs.org/es-object-atoms cache-miss
823 http cache https://registry.npmjs.org/gopd 3ms (cache hit)
824 silly packumentCache full:https://registry.npmjs.org/gopd set size:11458 disposed:false
825 silly fetch manifest math-intrinsics@^1.1.0
826 silly packumentCache full:https://registry.npmjs.org/math-intrinsics cache-miss
827 http cache https://registry.npmjs.org/get-proto 4ms (cache hit)
828 silly packumentCache full:https://registry.npmjs.org/get-proto set size:8300 disposed:false
829 silly fetch manifest es-define-property@^1.0.1
830 silly packumentCache full:https://registry.npmjs.org/es-define-property cache-miss
831 http cache https://registry.npmjs.org/function-bind 4ms (cache hit)
832 silly packumentCache full:https://registry.npmjs.org/function-bind set size:15733 disposed:false
833 silly fetch manifest call-bind-apply-helpers@^1.0.2
834 silly packumentCache full:https://registry.npmjs.org/call-bind-apply-helpers cache-miss
835 http cache https://registry.npmjs.org/has-symbols 5ms (cache hit)
836 silly packumentCache full:https://registry.npmjs.org/has-symbols set size:21550 disposed:false
837 http cache https://registry.npmjs.org/call-bind-apply-helpers 5ms (cache hit)
838 silly packumentCache full:https://registry.npmjs.org/call-bind-apply-helpers set size:12744 disposed:false
839 http cache https://registry.npmjs.org/es-object-atoms 4ms (cache hit)
840 silly packumentCache full:https://registry.npmjs.org/es-object-atoms set size:15304 disposed:false
841 http cache https://registry.npmjs.org/hasown 6ms (cache hit)
842 silly packumentCache full:https://registry.npmjs.org/hasown set size:15429 disposed:false
843 http cache https://registry.npmjs.org/call-bind-apply-helpers 2ms (cache hit)
844 silly packumentCache full:https://registry.npmjs.org/call-bind-apply-helpers set size:12744 disposed:false
845 silly packumentCache full:https://registry.npmjs.org/call-bind-apply-helpers dispose
846 http cache https://registry.npmjs.org/math-intrinsics 4ms (cache hit)
847 silly packumentCache full:https://registry.npmjs.org/math-intrinsics set size:9265 disposed:false
848 http cache https://registry.npmjs.org/es-define-property 4ms (cache hit)
849 silly packumentCache full:https://registry.npmjs.org/es-define-property set size:8542 disposed:false
850 silly placeDep ROOT call-bind-apply-helpers@1.0.2 OK for: call-bound@1.0.4 want: ^1.0.2
851 silly placeDep ROOT function-bind@1.1.2 OK for: call-bind-apply-helpers@1.0.2 want: ^1.1.2
852 silly placeDep ROOT es-define-property@1.0.1 OK for: get-intrinsic@1.3.0 want: ^1.0.1
853 silly placeDep ROOT es-object-atoms@1.1.1 OK for: get-intrinsic@1.3.0 want: ^1.1.1
854 silly placeDep ROOT get-proto@1.0.1 OK for: get-intrinsic@1.3.0 want: ^1.0.1
855 silly placeDep ROOT gopd@1.2.0 OK for: get-intrinsic@1.3.0 want: ^1.2.0
856 silly placeDep ROOT has-symbols@1.1.0 OK for: get-intrinsic@1.3.0 want: ^1.1.0
857 silly placeDep ROOT hasown@2.0.3 OK for: get-intrinsic@1.3.0 want: ^2.0.2
858 silly placeDep ROOT math-intrinsics@1.1.0 OK for: get-intrinsic@1.3.0 want: ^1.1.0
859 silly fetch manifest dunder-proto@^1.0.1
860 silly packumentCache full:https://registry.npmjs.org/dunder-proto cache-miss
861 http cache https://registry.npmjs.org/dunder-proto 2ms (cache hit)
862 silly packumentCache full:https://registry.npmjs.org/dunder-proto set size:8256 disposed:false
863 silly placeDep ROOT dunder-proto@1.0.1 OK for: get-proto@1.0.1 want: ^1.0.1
864 silly placeDep node_modules/string_decoder safe-buffer@5.1.2 OK for: string_decoder@1.1.1 want: ~5.1.0
865 silly placeDep ROOT esbuild@0.28.0 OK for: tsx@4.22.0 want: ~0.28.0
866 silly placeDep ROOT fsevents@2.3.3 OK for: tsx@4.22.0 want: ~2.3.3
867 silly fetch manifest @esbuild/aix-ppc64@0.28.0
868 silly packumentCache full:https://registry.npmjs.org/@esbuild%2faix-ppc64 cache-miss
869 silly fetch manifest @esbuild/android-arm@0.28.0
870 silly packumentCache full:https://registry.npmjs.org/@esbuild%2fandroid-arm cache-miss
871 silly fetch manifest @esbuild/android-arm64@0.28.0
872 silly packumentCache full:https://registry.npmjs.org/@esbuild%2fandroid-arm64 cache-miss
873 silly fetch manifest @esbuild/android-x64@0.28.0
874 silly packumentCache full:https://registry.npmjs.org/@esbuild%2fandroid-x64 cache-miss
875 silly fetch manifest @esbuild/darwin-arm64@0.28.0
876 silly packumentCache full:https://registry.npmjs.org/@esbuild%2fdarwin-arm64 cache-miss
877 silly fetch manifest @esbuild/darwin-x64@0.28.0
878 silly packumentCache full:https://registry.npmjs.org/@esbuild%2fdarwin-x64 cache-miss
879 silly fetch manifest @esbuild/freebsd-arm64@0.28.0
880 silly packumentCache full:https://registry.npmjs.org/@esbuild%2ffreebsd-arm64 cache-miss
881 http cache https://registry.npmjs.org/@esbuild%2fandroid-x64 6ms (cache hit)
882 silly packumentCache full:https://registry.npmjs.org/@esbuild%2fandroid-x64 set size:195551 disposed:false
883 silly fetch manifest @esbuild/freebsd-x64@0.28.0
884 silly packumentCache full:https://registry.npmjs.org/@esbuild%2ffreebsd-x64 cache-miss
885 http cache https://registry.npmjs.org/@esbuild%2fdarwin-arm64 9ms (cache hit)
886 silly packumentCache full:https://registry.npmjs.org/@esbuild%2fdarwin-arm64 set size:197958 disposed:false
887 silly fetch manifest @esbuild/linux-arm@0.28.0
888 silly packumentCache full:https://registry.npmjs.org/@esbuild%2flinux-arm cache-miss
889 http cache https://registry.npmjs.org/@esbuild%2ffreebsd-arm64 10ms (cache hit)
890 silly packumentCache full:https://registry.npmjs.org/@esbuild%2ffreebsd-arm64 set size:198853 disposed:false
891 silly fetch manifest @esbuild/linux-arm64@0.28.0
892 silly packumentCache full:https://registry.npmjs.org/@esbuild%2flinux-arm64 cache-miss
893 http cache https://registry.npmjs.org/@esbuild%2fdarwin-x64 11ms (cache hit)
894 silly packumentCache full:https://registry.npmjs.org/@esbuild%2fdarwin-x64 set size:196195 disposed:false
895 silly fetch manifest @esbuild/linux-ia32@0.28.0
896 silly packumentCache full:https://registry.npmjs.org/@esbuild%2flinux-ia32 cache-miss
897 http cache https://registry.npmjs.org/@esbuild%2faix-ppc64 15ms (cache hit)
898 silly packumentCache full:https://registry.npmjs.org/@esbuild%2faix-ppc64 set size:64314 disposed:false
899 silly fetch manifest @esbuild/linux-loong64@0.28.0
900 silly packumentCache full:https://registry.npmjs.org/@esbuild%2flinux-loong64 cache-miss
901 http cache https://registry.npmjs.org/@esbuild%2fandroid-arm64 15ms (cache hit)
902 silly packumentCache full:https://registry.npmjs.org/@esbuild%2fandroid-arm64 set size:200684 disposed:false
903 silly fetch manifest @esbuild/linux-mips64el@0.28.0
904 silly packumentCache full:https://registry.npmjs.org/@esbuild%2flinux-mips64el cache-miss
905 http cache https://registry.npmjs.org/@esbuild%2fandroid-arm 19ms (cache hit)
906 silly packumentCache full:https://registry.npmjs.org/@esbuild%2fandroid-arm set size:221749 disposed:false
907 silly fetch manifest @esbuild/linux-ppc64@0.28.0
908 silly packumentCache full:https://registry.npmjs.org/@esbuild%2flinux-ppc64 cache-miss
909 http cache https://registry.npmjs.org/@esbuild%2ffreebsd-x64 27ms (cache hit)
910 silly packumentCache full:https://registry.npmjs.org/@esbuild%2ffreebsd-x64 set size:197070 disposed:false
911 silly fetch manifest @esbuild/linux-riscv64@0.28.0
912 silly packumentCache full:https://registry.npmjs.org/@esbuild%2flinux-riscv64 cache-miss
913 http cache https://registry.npmjs.org/@esbuild%2flinux-ia32 27ms (cache hit)
914 silly packumentCache full:https://registry.npmjs.org/@esbuild%2flinux-ia32 set size:196150 disposed:false
915 silly fetch manifest @esbuild/linux-s390x@0.28.0
916 silly packumentCache full:https://registry.npmjs.org/@esbuild%2flinux-s390x cache-miss
917 http cache https://registry.npmjs.org/@esbuild%2flinux-arm 32ms (cache hit)
918 silly packumentCache full:https://registry.npmjs.org/@esbuild%2flinux-arm set size:195140 disposed:false
919 silly fetch manifest @esbuild/linux-x64@0.28.0
920 silly packumentCache full:https://registry.npmjs.org/@esbuild%2flinux-x64 cache-miss
921 http cache https://registry.npmjs.org/@esbuild%2flinux-arm64 36ms (cache hit)
922 silly packumentCache full:https://registry.npmjs.org/@esbuild%2flinux-arm64 set size:197274 disposed:false
923 silly fetch manifest @esbuild/netbsd-arm64@0.28.0
924 silly packumentCache full:https://registry.npmjs.org/@esbuild%2fnetbsd-arm64 cache-miss
925 http cache https://registry.npmjs.org/@esbuild%2flinux-loong64 34ms (cache hit)
926 silly packumentCache full:https://registry.npmjs.org/@esbuild%2flinux-loong64 set size:252211 disposed:false
927 silly fetch manifest @esbuild/netbsd-x64@0.28.0
928 silly packumentCache full:https://registry.npmjs.org/@esbuild%2fnetbsd-x64 cache-miss
929 http cache https://registry.npmjs.org/@esbuild%2flinux-mips64el 35ms (cache hit)
930 silly packumentCache full:https://registry.npmjs.org/@esbuild%2flinux-mips64el set size:201062 disposed:false
931 silly fetch manifest @esbuild/openbsd-arm64@0.28.0
932 silly packumentCache full:https://registry.npmjs.org/@esbuild%2fopenbsd-arm64 cache-miss
933 http cache https://registry.npmjs.org/@esbuild%2flinux-ppc64 34ms (cache hit)
934 silly packumentCache full:https://registry.npmjs.org/@esbuild%2flinux-ppc64 set size:199310 disposed:false
935 silly fetch manifest @esbuild/openbsd-x64@0.28.0
936 silly packumentCache full:https://registry.npmjs.org/@esbuild%2fopenbsd-x64 cache-miss
937 http cache https://registry.npmjs.org/@esbuild%2flinux-s390x 23ms (cache hit)
938 silly packumentCache full:https://registry.npmjs.org/@esbuild%2flinux-s390x set size:198784 disposed:false
939 silly fetch manifest @esbuild/openharmony-arm64@0.28.0
940 silly packumentCache full:https://registry.npmjs.org/@esbuild%2fopenharmony-arm64 cache-miss
941 http cache https://registry.npmjs.org/@esbuild%2flinux-x64 18ms (cache hit)
942 silly packumentCache full:https://registry.npmjs.org/@esbuild%2flinux-x64 set size:195479 disposed:false
943 silly fetch manifest @esbuild/sunos-x64@0.28.0
944 silly packumentCache full:https://registry.npmjs.org/@esbuild%2fsunos-x64 cache-miss
945 http cache https://registry.npmjs.org/@esbuild%2fnetbsd-arm64 18ms (cache hit)
946 silly packumentCache full:https://registry.npmjs.org/@esbuild%2fnetbsd-arm64 set size:40794 disposed:false
947 silly fetch manifest @esbuild/win32-arm64@0.28.0
948 silly packumentCache full:https://registry.npmjs.org/@esbuild%2fwin32-arm64 cache-miss
949 http cache https://registry.npmjs.org/@esbuild%2flinux-riscv64 30ms (cache hit)
950 silly packumentCache full:https://registry.npmjs.org/@esbuild%2flinux-riscv64 set size:198981 disposed:false
951 silly fetch manifest @esbuild/win32-ia32@0.28.0
952 silly packumentCache full:https://registry.npmjs.org/@esbuild%2fwin32-ia32 cache-miss
953 http cache https://registry.npmjs.org/@esbuild%2fnetbsd-x64 18ms (cache hit)
954 silly packumentCache full:https://registry.npmjs.org/@esbuild%2fnetbsd-x64 set size:193883 disposed:false
955 silly fetch manifest @esbuild/win32-x64@0.28.0
956 silly packumentCache full:https://registry.npmjs.org/@esbuild%2fwin32-x64 cache-miss
957 http cache https://registry.npmjs.org/@esbuild%2fopenbsd-arm64 15ms (cache hit)
958 silly packumentCache full:https://registry.npmjs.org/@esbuild%2fopenbsd-arm64 set size:46111 disposed:false
959 http cache https://registry.npmjs.org/@esbuild%2fopenbsd-x64 14ms (cache hit)
960 silly packumentCache full:https://registry.npmjs.org/@esbuild%2fopenbsd-x64 set size:197080 disposed:false
961 http cache https://registry.npmjs.org/@esbuild%2fopenharmony-arm64 9ms (cache hit)
962 silly packumentCache full:https://registry.npmjs.org/@esbuild%2fopenharmony-arm64 set size:29494 disposed:false
963 http cache https://registry.npmjs.org/@esbuild%2fsunos-x64 10ms (cache hit)
964 silly packumentCache full:https://registry.npmjs.org/@esbuild%2fsunos-x64 set size:195721 disposed:false
965 http cache https://registry.npmjs.org/@esbuild%2fwin32-ia32 9ms (cache hit)
966 silly packumentCache full:https://registry.npmjs.org/@esbuild%2fwin32-ia32 set size:196374 disposed:false
967 http cache https://registry.npmjs.org/@esbuild%2fwin32-arm64 13ms (cache hit)
968 silly packumentCache full:https://registry.npmjs.org/@esbuild%2fwin32-arm64 set size:197504 disposed:false
969 http cache https://registry.npmjs.org/@esbuild%2fwin32-x64 11ms (cache hit)
970 silly packumentCache full:https://registry.npmjs.org/@esbuild%2fwin32-x64 set size:194073 disposed:false
971 silly placeDep ROOT @esbuild/aix-ppc64@0.28.0 OK for: esbuild@0.28.0 want: 0.28.0
972 silly placeDep ROOT @esbuild/android-arm@0.28.0 OK for: esbuild@0.28.0 want: 0.28.0
973 silly placeDep ROOT @esbuild/android-arm64@0.28.0 OK for: esbuild@0.28.0 want: 0.28.0
974 silly placeDep ROOT @esbuild/android-x64@0.28.0 OK for: esbuild@0.28.0 want: 0.28.0
975 silly placeDep ROOT @esbuild/darwin-arm64@0.28.0 OK for: esbuild@0.28.0 want: 0.28.0
976 silly placeDep ROOT @esbuild/darwin-x64@0.28.0 OK for: esbuild@0.28.0 want: 0.28.0
977 silly placeDep ROOT @esbuild/freebsd-arm64@0.28.0 OK for: esbuild@0.28.0 want: 0.28.0
978 silly placeDep ROOT @esbuild/freebsd-x64@0.28.0 OK for: esbuild@0.28.0 want: 0.28.0
979 silly placeDep ROOT @esbuild/linux-arm@0.28.0 OK for: esbuild@0.28.0 want: 0.28.0
980 silly placeDep ROOT @esbuild/linux-arm64@0.28.0 OK for: esbuild@0.28.0 want: 0.28.0
981 silly placeDep ROOT @esbuild/linux-ia32@0.28.0 OK for: esbuild@0.28.0 want: 0.28.0
982 silly placeDep ROOT @esbuild/linux-loong64@0.28.0 OK for: esbuild@0.28.0 want: 0.28.0
983 silly placeDep ROOT @esbuild/linux-mips64el@0.28.0 OK for: esbuild@0.28.0 want: 0.28.0
984 silly placeDep ROOT @esbuild/linux-ppc64@0.28.0 OK for: esbuild@0.28.0 want: 0.28.0
985 silly placeDep ROOT @esbuild/linux-riscv64@0.28.0 OK for: esbuild@0.28.0 want: 0.28.0
986 silly placeDep ROOT @esbuild/linux-s390x@0.28.0 OK for: esbuild@0.28.0 want: 0.28.0
987 silly placeDep ROOT @esbuild/linux-x64@0.28.0 OK for: esbuild@0.28.0 want: 0.28.0
988 silly placeDep ROOT @esbuild/netbsd-arm64@0.28.0 OK for: esbuild@0.28.0 want: 0.28.0
989 silly placeDep ROOT @esbuild/netbsd-x64@0.28.0 OK for: esbuild@0.28.0 want: 0.28.0
990 silly placeDep ROOT @esbuild/openbsd-arm64@0.28.0 OK for: esbuild@0.28.0 want: 0.28.0
991 silly placeDep ROOT @esbuild/openbsd-x64@0.28.0 OK for: esbuild@0.28.0 want: 0.28.0
992 silly placeDep ROOT @esbuild/openharmony-arm64@0.28.0 OK for: esbuild@0.28.0 want: 0.28.0
993 silly placeDep ROOT @esbuild/sunos-x64@0.28.0 OK for: esbuild@0.28.0 want: 0.28.0
994 silly placeDep ROOT @esbuild/win32-arm64@0.28.0 OK for: esbuild@0.28.0 want: 0.28.0
995 silly placeDep ROOT @esbuild/win32-ia32@0.28.0 OK for: esbuild@0.28.0 want: 0.28.0
996 silly placeDep ROOT @esbuild/win32-x64@0.28.0 OK for: esbuild@0.28.0 want: 0.28.0
997 silly placeDep node_modules/tsyringe tslib@1.14.1 OK for: tsyringe@4.10.0 want: ^1.9.3
998 silly placeDep ROOT media-typer@0.3.0 OK for: type-is@1.6.18 want: 0.3.0
999 silly placeDep ROOT tr46@0.0.3 OK for: whatwg-url@5.0.0 want: ~0.0.3
1000 silly placeDep ROOT webidl-conversions@3.0.1 OK for: whatwg-url@5.0.0 want: ^3.0.0
1001 silly placeDep node_modules/https-proxy-agent ms@2.1.3 OK for: debug@4.4.3 want: ^2.1.3
1002 verbose type range
1003 verbose stack @simplewebauthn/types: No matching version found for @simplewebauthn/types@^13.1.1.
1003 verbose stack     at module.exports (/usr/local/lib/node_modules/npm/node_modules/npm-pick-manifest/lib/index.js:210:23)
1003 verbose stack     at RegistryFetcher.manifest (/usr/local/lib/node_modules/npm/node_modules/pacote/lib/registry.js:130:54)
1003 verbose stack     at async #fetchManifest (/usr/local/lib/node_modules/npm/node_modules/@npmcli/arborist/lib/arborist/build-ideal-tree.js:1227:20)
1003 verbose stack     at async #nodeFromEdge (/usr/local/lib/node_modules/npm/node_modules/@npmcli/arborist/lib/arborist/build-ideal-tree.js:1061:19)
1003 verbose stack     at async #buildDepStep (/usr/local/lib/node_modules/npm/node_modules/@npmcli/arborist/lib/arborist/build-ideal-tree.js:917:11)
1003 verbose stack     at async Arborist.buildIdealTree (/usr/local/lib/node_modules/npm/node_modules/@npmcli/arborist/lib/arborist/build-ideal-tree.js:170:7)
1003 verbose stack     at async Promise.all (index 1)
1003 verbose stack     at async Arborist.reify (/usr/local/lib/node_modules/npm/node_modules/@npmcli/arborist/lib/arborist/reify.js:111:5)
1003 verbose stack     at async Install.exec (/usr/local/lib/node_modules/npm/lib/commands/install.js:146:5)
1003 verbose stack     at async Npm.exec (/usr/local/lib/node_modules/npm/lib/npm.js:193:9)
1004 error code ETARGET
1005 error notarget No matching version found for @simplewebauthn/types@^13.1.1.
1006 error notarget In most cases you or one of your dependencies are requesting a package version that doesn't exist.
1007 silly unfinished npm timer reify 1778855792353
1008 silly unfinished npm timer reify:loadTrees 1778855792354
1009 verbose cwd /Users/Livskompassen/livskompassen-v2/server
1010 verbose os Darwin 25.4.0
1011 verbose node v24.15.0
1012 verbose npm  v11.12.1
1013 verbose exit 1
1014 verbose code 1
1015 error A complete log of this run can be found in: /Users/Livskompassen/livskompassen-v2/npm-cache-temp/_logs/2026-05-15T14_36_32_082Z-debug-0.log
