0 verbose cli /usr/local/bin/node /usr/local/bin/npm
1 info using npm@11.12.1
2 info using node@v24.15.0
3 silly config load:file:/usr/local/lib/node_modules/npm/npmrc
4 silly config load:file:/Users/Livskompassen/livskompassen-trasig/.npmrc
5 silly config load:file:/Users/Livskompassen/.npmrc
6 silly config load:file:/usr/local/etc/npmrc
7 verbose title npm install @simplewebauthn/browser
8 verbose argv "install" "--cache" "/Users/Livskompassen/livskompassen-v2/npm-cache-temp" "@simplewebauthn/browser"
9 verbose logfile logs-max:10 dir:/Users/Livskompassen/livskompassen-v2/npm-cache-temp/_logs/2026-05-15T04_03_47_780Z-
10 verbose logfile /Users/Livskompassen/livskompassen-v2/npm-cache-temp/_logs/2026-05-15T04_03_47_780Z-debug-0.log
11 silly logfile done cleaning log files
12 silly packumentCache heap:2348810240 maxSize:587202560 maxEntrySize:293601280
13 silly idealTree buildDeps
14 silly fetch manifest @simplewebauthn/browser@*
15 silly packumentCache full:https://registry.npmjs.org/@simplewebauthn%2fbrowser cache-miss
16 http fetch GET 200 https://registry.npmjs.org/@simplewebauthn%2fbrowser 661ms (cache miss)
17 silly packumentCache full:https://registry.npmjs.org/@simplewebauthn%2fbrowser set size:undefined disposed:false
18 silly placeDep ROOT @simplewebauthn/browser@13.3.0 OK for: react-example@0.0.0 want: *
19 silly reify moves {}
20 silly audit bulk request {
20 silly audit   '@babel/code-frame': [ '7.29.0' ],
20 silly audit   '@babel/compat-data': [ '7.29.0' ],
20 silly audit   '@babel/core': [ '7.29.0' ],
20 silly audit   '@babel/generator': [ '7.29.1' ],
20 silly audit   '@babel/helper-annotate-as-pure': [ '7.27.3' ],
20 silly audit   '@babel/helper-compilation-targets': [ '7.28.6' ],
20 silly audit   '@babel/helper-create-class-features-plugin': [ '7.28.6' ],
20 silly audit   '@babel/helper-globals': [ '7.28.0' ],
20 silly audit   '@babel/helper-member-expression-to-functions': [ '7.28.5' ],
20 silly audit   '@babel/helper-module-imports': [ '7.28.6' ],
20 silly audit   '@babel/helper-module-transforms': [ '7.28.6' ],
20 silly audit   '@babel/helper-optimise-call-expression': [ '7.27.1' ],
20 silly audit   '@babel/helper-plugin-utils': [ '7.28.6' ],
20 silly audit   '@babel/helper-replace-supers': [ '7.28.6' ],
20 silly audit   '@babel/helper-skip-transparent-expression-wrappers': [ '7.27.1' ],
20 silly audit   '@babel/helper-string-parser': [ '7.27.1' ],
20 silly audit   '@babel/helper-validator-identifier': [ '7.28.5' ],
20 silly audit   '@babel/helper-validator-option': [ '7.27.1' ],
20 silly audit   '@babel/helpers': [ '7.29.2' ],
20 silly audit   '@babel/parser': [ '7.29.2' ],
20 silly audit   '@babel/plugin-syntax-jsx': [ '7.28.6' ],
20 silly audit   '@babel/plugin-syntax-typescript': [ '7.28.6' ],
20 silly audit   '@babel/plugin-transform-modules-commonjs': [ '7.28.6' ],
20 silly audit   '@babel/plugin-transform-react-jsx-self': [ '7.27.1' ],
20 silly audit   '@babel/plugin-transform-react-jsx-source': [ '7.27.1' ],
20 silly audit   '@babel/plugin-transform-typescript': [ '7.28.6' ],
20 silly audit   '@babel/preset-typescript': [ '7.28.5' ],
20 silly audit   '@babel/runtime': [ '7.29.2' ],
20 silly audit   '@babel/template': [ '7.28.6' ],
20 silly audit   '@babel/traverse': [ '7.29.0' ],
20 silly audit   '@babel/types': [ '7.29.0' ],
20 silly audit   '@base-ui/react': [ '1.4.0' ],
20 silly audit   '@base-ui/utils': [ '0.2.7' ],
20 silly audit   '@date-fns/tz': [ '1.4.1' ],
20 silly audit   '@dotenvx/dotenvx': [ '1.61.1' ],
20 silly audit   commander: [ '11.1.0', '14.0.3' ],
20 silly audit   execa: [ '5.1.1', '9.6.1' ],
20 silly audit   'get-stream': [ '6.0.1', '9.0.1' ],
20 silly audit   'human-signals': [ '2.1.0', '8.0.1' ],
20 silly audit   'is-stream': [ '2.0.1', '4.0.1' ],
20 silly audit   'npm-run-path': [ '4.0.1', '6.0.0' ],
20 silly audit   onetime: [ '5.1.2', '7.0.0' ],
20 silly audit   'signal-exit': [ '3.0.7', '4.1.0' ],
20 silly audit   'strip-final-newline': [ '2.0.0', '4.0.0' ],
20 silly audit   '@ecies/ciphers': [ '0.2.6' ],
20 silly audit   '@esbuild/aix-ppc64': [ '0.27.7', '0.25.12' ],
20 silly audit   '@esbuild/android-arm': [ '0.27.7', '0.25.12' ],
20 silly audit   '@esbuild/android-arm64': [ '0.27.7', '0.25.12' ],
20 silly audit   '@esbuild/android-x64': [ '0.27.7', '0.25.12' ],
20 silly audit   '@esbuild/darwin-arm64': [ '0.27.7', '0.25.12' ],
20 silly audit   '@esbuild/darwin-x64': [ '0.27.7', '0.25.12' ],
20 silly audit   '@esbuild/freebsd-arm64': [ '0.27.7', '0.25.12' ],
20 silly audit   '@esbuild/freebsd-x64': [ '0.27.7', '0.25.12' ],
20 silly audit   '@esbuild/linux-arm': [ '0.27.7', '0.25.12' ],
20 silly audit   '@esbuild/linux-arm64': [ '0.27.7', '0.25.12' ],
20 silly audit   '@esbuild/linux-ia32': [ '0.27.7', '0.25.12' ],
20 silly audit   '@esbuild/linux-loong64': [ '0.27.7', '0.25.12' ],
20 silly audit   '@esbuild/linux-mips64el': [ '0.27.7', '0.25.12' ],
20 silly audit   '@esbuild/linux-ppc64': [ '0.27.7', '0.25.12' ],
20 silly audit   '@esbuild/linux-riscv64': [ '0.27.7', '0.25.12' ],
20 silly audit   '@esbuild/linux-s390x': [ '0.27.7', '0.25.12' ],
20 silly audit   '@esbuild/linux-x64': [ '0.27.7', '0.25.12' ],
20 silly audit   '@esbuild/netbsd-arm64': [ '0.27.7', '0.25.12' ],
20 silly audit   '@esbuild/netbsd-x64': [ '0.27.7', '0.25.12' ],
20 silly audit   '@esbuild/openbsd-arm64': [ '0.27.7', '0.25.12' ],
20 silly audit   '@esbuild/openbsd-x64': [ '0.27.7', '0.25.12' ],
20 silly audit   '@esbuild/openharmony-arm64': [ '0.27.7', '0.25.12' ],
20 silly audit   '@esbuild/sunos-x64': [ '0.27.7', '0.25.12' ],
20 silly audit   '@esbuild/win32-arm64': [ '0.27.7', '0.25.12' ],
20 silly audit   '@esbuild/win32-ia32': [ '0.27.7', '0.25.12' ],
20 silly audit   '@esbuild/win32-x64': [ '0.27.7', '0.25.12' ],
20 silly audit   '@eslint-community/eslint-utils': [ '4.9.1' ],
20 silly audit   '@eslint-community/regexpp': [ '4.12.2' ],
20 silly audit   '@eslint/config-array': [ '0.23.5' ],
20 silly audit   '@eslint/config-helpers': [ '0.5.5' ],
20 silly audit   '@eslint/core': [ '1.2.1' ],
20 silly audit   '@eslint/object-schema': [ '3.0.5' ],
20 silly audit   '@eslint/plugin-kit': [ '0.7.1' ],
20 silly audit   '@fastify/busboy': [ '3.2.0' ],
20 silly audit   '@firebase/ai': [ '2.11.0' ],
20 silly audit   '@firebase/analytics': [ '0.10.21' ],
20 silly audit   '@firebase/analytics-compat': [ '0.2.27' ],
20 silly audit   '@firebase/analytics-types': [ '0.8.3' ],
20 silly audit   '@firebase/app': [ '0.14.11' ],
20 silly audit   '@firebase/app-check': [ '0.11.2' ],
20 silly audit   '@firebase/app-check-compat': [ '0.4.2' ],
20 silly audit   '@firebase/app-check-interop-types': [ '0.3.3' ],
20 silly audit   '@firebase/app-check-types': [ '0.5.3' ],
20 silly audit   '@firebase/app-compat': [ '0.5.11' ],
20 silly audit   '@firebase/app-types': [ '0.9.4' ],
20 silly audit   '@firebase/auth': [ '1.13.0' ],
20 silly audit   '@firebase/auth-compat': [ '0.6.5' ],
20 silly audit   '@firebase/auth-interop-types': [ '0.2.4' ],
20 silly audit   '@firebase/auth-types': [ '0.13.0' ],
20 silly audit   '@firebase/component': [ '0.7.2' ],
20 silly audit   '@firebase/data-connect': [ '0.6.0' ],
20 silly audit   '@firebase/database': [ '1.1.2' ],
20 silly audit   '@firebase/database-compat': [ '2.1.3' ],
20 silly audit   '@firebase/database-types': [ '1.0.19' ],
20 silly audit   '@firebase/eslint-plugin-security-rules': [ '0.0.1' ],
20 silly audit   '@firebase/firestore': [ '4.14.0' ],
20 silly audit   '@firebase/firestore-compat': [ '0.4.8' ],
20 silly audit   '@firebase/firestore-types': [ '3.0.3' ],
20 silly audit   '@firebase/functions': [ '0.13.3' ],
20 silly audit   '@firebase/functions-compat': [ '0.4.3' ],
20 silly audit   '@firebase/functions-types': [ '0.6.3' ],
20 silly audit   '@firebase/installations': [ '0.6.21' ],
20 silly audit   '@firebase/installations-compat': [ '0.2.21' ],
20 silly audit   '@firebase/installations-types': [ '0.5.3' ],
20 silly audit   '@firebase/logger': [ '0.5.0' ],
20 silly audit   '@firebase/messaging': [ '0.12.25' ],
20 silly audit   '@firebase/messaging-compat': [ '0.2.25' ],
20 silly audit   '@firebase/messaging-interop-types': [ '0.2.3' ],
20 silly audit   '@firebase/performance': [ '0.7.11' ],
20 silly audit   '@firebase/performance-compat': [ '0.2.24' ],
20 silly audit   '@firebase/performance-types': [ '0.2.3' ],
20 silly audit   '@firebase/remote-config': [ '0.8.2' ],
20 silly audit   '@firebase/remote-config-compat': [ '0.2.23' ],
20 silly audit   '@firebase/remote-config-types': [ '0.5.0' ],
20 silly audit   '@firebase/storage': [ '0.14.2' ],
20 silly audit   '@firebase/storage-compat': [ '0.4.2' ],
20 silly audit   '@firebase/storage-types': [ '0.8.3' ],
20 silly audit   '@firebase/util': [ '1.15.0' ],
20 silly audit   '@firebase/webchannel-wrapper': [ '1.0.5' ],
20 silly audit   '@floating-ui/core': [ '1.7.5' ],
20 silly audit   '@floating-ui/dom': [ '1.7.6' ],
20 silly audit   '@floating-ui/react-dom': [ '2.1.8' ],
20 silly audit   '@floating-ui/utils': [ '0.2.11' ],
20 silly audit   '@fontsource-variable/geist': [ '5.2.8' ],
20 silly audit   '@google-cloud/firestore': [ '7.11.6' ],
20 silly audit   '@google-cloud/kms': [ '5.5.0' ],
20 silly audit   '@grpc/grpc-js': [ '1.14.3', '1.9.15' ],
20 silly audit   '@grpc/proto-loader': [ '0.8.1', '0.7.15', '0.8.0' ],
20 silly audit   'google-gax': [ '5.0.6', '4.6.1' ],
20 silly audit   'http-proxy-agent': [ '7.0.2', '5.0.0' ],
20 silly audit   'proto3-json-serializer': [ '3.0.4', '2.0.2' ],
20 silly audit   'retry-request': [ '8.0.2', '7.0.2' ],
20 silly audit   'teeny-request': [ '10.1.2', '9.0.0' ],
20 silly audit   '@google-cloud/paginator': [ '5.0.2' ],
20 silly audit   '@google-cloud/projectify': [ '4.0.0' ],
20 silly audit   '@google-cloud/promisify': [ '4.0.0' ],
20 silly audit   '@google-cloud/storage': [ '7.19.0' ],
20 silly audit   gaxios: [ '6.7.1', '7.1.4' ],
20 silly audit   uuid: [ '9.0.1', '8.3.2', '11.1.0' ],
20 silly audit   'gcp-metadata': [ '6.1.1', '8.1.2' ],
20 silly audit   'google-auth-library': [ '9.15.1', '10.6.2' ],
20 silly audit   'google-logging-utils': [ '0.0.2', '1.1.3' ],
20 silly audit   mime: [ '3.0.0', '1.6.0' ],
20 silly audit   'node-fetch': [ '2.7.0', '3.3.2' ],
20 silly audit   '@google-cloud/vertexai': [ '1.12.0' ],
20 silly audit   '@google/genai': [ '1.50.1' ],
20 silly audit   '@hexagon/base64': [ '1.1.28' ],
20 silly audit   '@hono/node-server': [ '1.19.14' ],
20 silly audit   '@humanfs/core': [ '0.19.2' ],
20 silly audit   '@humanfs/node': [ '0.16.8' ],
20 silly audit   '@humanfs/types': [ '0.15.0' ],
20 silly audit   '@humanwhocodes/module-importer': [ '1.0.1' ],
20 silly audit   '@humanwhocodes/retry': [ '0.4.3' ],
20 silly audit   '@inquirer/ansi': [ '2.0.5' ],
20 silly audit   '@inquirer/confirm': [ '6.0.11' ],
20 silly audit   '@inquirer/core': [ '11.1.8' ],
20 silly audit   '@inquirer/figures': [ '2.0.5' ],
20 silly audit   '@inquirer/type': [ '4.0.5' ],
20 silly audit   '@isaacs/cliui': [ '8.0.2' ],
20 silly audit   'ansi-regex': [ '6.2.2', '5.0.1' ],
20 silly audit   'ansi-styles': [ '6.2.3', '4.3.0' ],
20 silly audit   'emoji-regex': [ '9.2.2', '8.0.0', '10.6.0' ],
20 silly audit   'string-width': [ '5.1.2', '7.2.0', '4.2.3' ],
20 silly audit   'strip-ansi': [ '7.2.0', '6.0.1' ],
20 silly audit   'wrap-ansi': [ '8.1.0', '7.0.0' ],
20 silly audit   '@jridgewell/gen-mapping': [ '0.3.13' ],
20 silly audit   '@jridgewell/remapping': [ '2.3.5' ],
20 silly audit   '@jridgewell/resolve-uri': [ '3.1.2' ],
20 silly audit   '@jridgewell/sourcemap-codec': [ '1.5.5' ],
20 silly audit   '@jridgewell/trace-mapping': [ '0.3.31' ],
20 silly audit   '@js-sdsl/ordered-map': [ '4.4.2' ],
20 silly audit   '@levischuck/tiny-cbor': [ '0.2.11' ],
20 silly audit   '@modelcontextprotocol/sdk': [ '1.29.0' ],
20 silly audit   accepts: [ '2.0.0', '1.3.8' ],
20 silly audit   'body-parser': [ '2.2.2', '1.20.4' ],
20 silly audit   'content-disposition': [ '1.1.0', '0.5.4' ],
20 silly audit   'cookie-signature': [ '1.2.2', '1.0.6', '1.0.7' ],
20 silly audit   express: [ '5.2.1', '4.22.1' ],
20 silly audit   finalhandler: [ '2.1.1', '1.3.2' ],
20 silly audit   fresh: [ '2.0.0', '0.5.2' ],
20 silly audit   'iconv-lite': [ '0.7.2', '0.4.24' ],
20 silly audit   'media-typer': [ '1.1.0', '0.3.0' ],
20 silly audit   'merge-descriptors': [ '2.0.0', '1.0.3' ],
20 silly audit   'mime-db': [ '1.54.0', '1.52.0' ],
20 silly audit   'mime-types': [ '3.0.2', '2.1.35' ],
20 silly audit   negotiator: [ '1.0.0', '0.6.3' ],
20 silly audit   'raw-body': [ '3.0.2', '2.5.3' ],
20 silly audit   send: [ '1.2.1', '0.19.2' ],
20 silly audit   'serve-static': [ '2.2.1', '1.16.3' ],
20 silly audit   'type-is': [ '2.0.1', '1.6.18' ],
20 silly audit   '@mswjs/interceptors': [ '0.41.3' ],
20 silly audit   '@open-draft/deferred-promise': [ '2.2.0', '3.0.0' ],
20 silly audit   '@noble/ciphers': [ '1.3.0' ],
20 silly audit   '@noble/curves': [ '1.9.7' ],
20 silly audit   '@noble/hashes': [ '1.8.0' ],
20 silly audit   '@nodable/entities': [ '2.1.0' ],
20 silly audit   '@nodelib/fs.scandir': [ '2.1.5' ],
20 silly audit   '@nodelib/fs.stat': [ '2.0.5' ],
20 silly audit   '@nodelib/fs.walk': [ '1.2.8' ],
20 silly audit   '@open-draft/logger': [ '0.3.0' ],
20 silly audit   '@open-draft/until': [ '2.1.0' ],
20 silly audit   '@opentelemetry/api': [ '1.9.1' ],
20 silly audit   '@peculiar/asn1-android': [ '2.7.0' ],
20 silly audit   '@peculiar/asn1-cms': [ '2.7.0' ],
20 silly audit   '@peculiar/asn1-csr': [ '2.7.0' ],
20 silly audit   '@peculiar/asn1-ecc': [ '2.7.0' ],
20 silly audit   '@peculiar/asn1-pfx': [ '2.7.0' ],
20 silly audit   '@peculiar/asn1-pkcs8': [ '2.7.0' ],
20 silly audit   '@peculiar/asn1-pkcs9': [ '2.7.0' ],
20 silly audit   '@peculiar/asn1-rsa': [ '2.7.0' ],
20 silly audit   '@peculiar/asn1-schema': [ '2.7.0' ],
20 silly audit   '@peculiar/asn1-x509': [ '2.7.0' ],
20 silly audit   '@peculiar/asn1-x509-attr': [ '2.7.0' ],
20 silly audit   '@peculiar/utils': [ '2.0.3' ],
20 silly audit   '@peculiar/x509': [ '1.14.3' ],
20 silly audit   '@pkgjs/parseargs': [ '0.11.0' ],
20 silly audit   '@protobufjs/aspromise': [ '1.1.2' ],
20 silly audit   '@protobufjs/base64': [ '1.1.2' ],
20 silly audit   '@protobufjs/codegen': [ '2.0.4' ],
20 silly audit   '@protobufjs/eventemitter': [ '1.1.0' ],
20 silly audit   '@protobufjs/fetch': [ '1.1.0' ],
20 silly audit   '@protobufjs/float': [ '1.0.2' ],
20 silly audit   '@protobufjs/inquire': [ '1.1.0' ],
20 silly audit   '@protobufjs/path': [ '1.1.2' ],
20 silly audit   '@protobufjs/pool': [ '1.1.0' ],
20 silly audit   '@protobufjs/utf8': [ '1.1.0' ],
20 silly audit   '@rolldown/pluginutils': [ '1.0.0-rc.3' ],
20 silly audit   '@rollup/rollup-android-arm-eabi': [ '4.60.1' ],
20 silly audit   '@rollup/rollup-android-arm64': [ '4.60.1' ],
20 silly audit   '@rollup/rollup-darwin-arm64': [ '4.60.1' ],
20 silly audit   '@rollup/rollup-darwin-x64': [ '4.60.1' ],
20 silly audit   '@rollup/rollup-freebsd-arm64': [ '4.60.1' ],
20 silly audit   '@rollup/rollup-freebsd-x64': [ '4.60.1' ],
20 silly audit   '@rollup/rollup-linux-arm-gnueabihf': [ '4.60.1' ],
20 silly audit   '@rollup/rollup-linux-arm-musleabihf': [ '4.60.1' ],
20 silly audit   '@rollup/rollup-linux-arm64-gnu': [ '4.60.1' ],
20 silly audit   '@rollup/rollup-linux-arm64-musl': [ '4.60.1' ],
20 silly audit   '@rollup/rollup-linux-loong64-gnu': [ '4.60.1' ],
20 silly audit   '@rollup/rollup-linux-loong64-musl': [ '4.60.1' ],
20 silly audit   '@rollup/rollup-linux-ppc64-gnu': [ '4.60.1' ],
20 silly audit   '@rollup/rollup-linux-ppc64-musl': [ '4.60.1' ],
20 silly audit   '@rollup/rollup-linux-riscv64-gnu': [ '4.60.1' ],
20 silly audit   '@rollup/rollup-linux-riscv64-musl': [ '4.60.1' ],
20 silly audit   '@rollup/rollup-linux-s390x-gnu': [ '4.60.1' ],
20 silly audit   '@rollup/rollup-linux-x64-gnu': [ '4.60.1' ],
20 silly audit   '@rollup/rollup-linux-x64-musl': [ '4.60.1' ],
20 silly audit   '@rollup/rollup-openbsd-x64': [ '4.60.1' ],
20 silly audit   '@rollup/rollup-openharmony-arm64': [ '4.60.1' ],
20 silly audit   '@rollup/rollup-win32-arm64-msvc': [ '4.60.1' ],
20 silly audit   '@rollup/rollup-win32-ia32-msvc': [ '4.60.1' ],
20 silly audit   '@rollup/rollup-win32-x64-gnu': [ '4.60.1' ],
20 silly audit   '@rollup/rollup-win32-x64-msvc': [ '4.60.1' ],
20 silly audit   '@sec-ant/readable-stream': [ '0.4.1' ],
20 silly audit   '@simplewebauthn/server': [ '13.3.0' ],
20 silly audit   '@simplewebauthn/types': [ '12.0.0' ],
20 silly audit   '@sindresorhus/merge-streams': [ '4.0.0' ],
20 silly audit   '@tailwindcss/node': [ '4.2.2' ],
20 silly audit   '@tailwindcss/oxide': [ '4.2.2' ],
20 silly audit   '@tailwindcss/oxide-android-arm64': [ '4.2.2' ],
20 silly audit   '@tailwindcss/oxide-darwin-arm64': [ '4.2.2' ],
20 silly audit   '@tailwindcss/oxide-darwin-x64': [ '4.2.2' ],
20 silly audit   '@tailwindcss/oxide-freebsd-x64': [ '4.2.2' ],
20 silly audit   '@tailwindcss/oxide-linux-arm-gnueabihf': [ '4.2.2' ],
20 silly audit   '@tailwindcss/oxide-linux-arm64-gnu': [ '4.2.2' ],
20 silly audit   '@tailwindcss/oxide-linux-arm64-musl': [ '4.2.2' ],
20 silly audit   '@tailwindcss/oxide-linux-x64-gnu': [ '4.2.2' ],
20 silly audit   '@tailwindcss/oxide-linux-x64-musl': [ '4.2.2' ],
20 silly audit   '@tailwindcss/oxide-wasm32-wasi': [ '4.2.2' ],
20 silly audit   '@tailwindcss/oxide-win32-arm64-msvc': [ '4.2.2' ],
20 silly audit   '@tailwindcss/oxide-win32-x64-msvc': [ '4.2.2' ],
20 silly audit   '@tailwindcss/vite': [ '4.2.2' ],
20 silly audit   '@tootallnate/once': [ '2.0.0' ],
20 silly audit   '@ts-morph/common': [ '0.27.0' ],
20 silly audit   '@types/babel__core': [ '7.20.5' ],
20 silly audit   '@types/babel__generator': [ '7.27.0' ],
20 silly audit   '@types/babel__template': [ '7.4.4' ],
20 silly audit   '@types/babel__traverse': [ '7.28.0' ],
20 silly audit   '@types/body-parser': [ '1.19.6' ],
20 silly audit   '@types/caseless': [ '0.12.5' ],
20 silly audit   '@types/connect': [ '3.4.38' ],
20 silly audit   '@types/debug': [ '4.1.13' ],
20 silly audit   '@types/esrecurse': [ '4.3.1' ],
20 silly audit   '@types/estree': [ '1.0.8' ],
20 silly audit   '@types/estree-jsx': [ '1.0.5' ],
20 silly audit   '@types/express': [ '4.17.25' ],
20 silly audit   '@types/express-serve-static-core': [ '4.19.8' ],
20 silly audit   '@types/hast': [ '3.0.4' ],
20 silly audit   '@types/http-errors': [ '2.0.5' ],
20 silly audit   '@types/json-schema': [ '7.0.15' ],
20 silly audit   '@types/jsonwebtoken': [ '9.0.10' ],
20 silly audit   '@types/long': [ '4.0.2' ],
20 silly audit   '@types/mdast': [ '4.0.4' ],
20 silly audit   '@types/mime': [ '1.3.5' ],
20 silly audit   '@types/ms': [ '2.1.0' ],
20 silly audit   '@types/multer': [ '2.1.0' ],
20 silly audit   '@types/node': [ '22.19.17' ],
20 silly audit   '@types/qs': [ '6.15.0' ],
20 silly audit   '@types/range-parser': [ '1.2.7' ],
20 silly audit   '@types/react': [ '19.2.14' ],
20 silly audit   '@types/request': [ '2.48.13' ],
20 silly audit   '@types/retry': [ '0.12.0' ],
20 silly audit   '@types/send': [ '1.2.1', '0.17.6' ],
20 silly audit   '@types/serve-static': [ '1.15.10' ],
20 silly audit   '@types/set-cookie-parser': [ '2.4.10' ],
20 silly audit   '@types/statuses': [ '2.0.6' ],
20 silly audit   '@types/tough-cookie': [ '4.0.5' ],
20 silly audit   '@types/unist': [ '3.0.3', '2.0.11' ],
20 silly audit   '@types/validate-npm-package-name': [ '4.0.2' ],
20 silly audit   '@typescript-eslint/parser': [ '8.58.2' ],
20 silly audit   '@typescript-eslint/project-service': [ '8.58.2' ],
20 silly audit   '@typescript-eslint/rule-tester': [ '8.58.2' ],
20 silly audit   ajv: [ '6.14.0', '8.18.0' ],
20 silly audit   'json-schema-traverse': [ '0.4.1', '1.0.0' ],
20 silly audit   semver: [ '7.7.4', '6.3.1' ],
20 silly audit   '@typescript-eslint/scope-manager': [ '8.58.2' ],
20 silly audit   '@typescript-eslint/tsconfig-utils': [ '8.58.2' ],
20 silly audit   '@typescript-eslint/types': [ '8.58.2' ],
20 silly audit   '@typescript-eslint/typescript-estree': [ '8.58.2' ],
20 silly audit   '@typescript-eslint/utils': [ '8.58.2' ],
20 silly audit   '@typescript-eslint/visitor-keys': [ '8.58.2' ],
20 silly audit   'eslint-visitor-keys': [ '5.0.1', '3.4.3' ],
20 silly audit   '@ungap/structured-clone': [ '1.3.0' ],
20 silly audit   '@vitejs/plugin-react': [ '5.2.0' ],
20 silly audit   'abort-controller': [ '3.0.0' ],
20 silly audit   acorn: [ '8.16.0' ],
20 silly audit   'acorn-jsx': [ '5.3.2' ],
20 silly audit   'agent-base': [ '7.1.4', '6.0.2' ],
20 silly audit   'ajv-formats': [ '3.0.1' ],
20 silly audit   antlr4: [ '4.13.2' ],
20 silly audit   'append-field': [ '1.0.0' ],
20 silly audit   argparse: [ '2.0.1' ],
20 silly audit   'array-flatten': [ '1.1.1' ],
20 silly audit   arrify: [ '2.0.1' ],
20 silly audit   asn1js: [ '3.0.10' ],
20 silly audit   'ast-types': [ '0.16.1' ],
20 silly audit   'async-retry': [ '1.3.3' ],
20 silly audit   asynckit: [ '0.4.0' ],
20 silly audit   autoprefixer: [ '10.5.0' ],
20 silly audit   bail: [ '2.0.2' ],
20 silly audit   'balanced-match': [ '4.0.4', '1.0.2' ],
20 silly audit   'base64-js': [ '1.5.1' ],
20 silly audit   'baseline-browser-mapping': [ '2.10.19' ],
20 silly audit   'bignumber.js': [ '9.3.1' ],
20 silly audit   debug: [ '2.6.9', '4.4.3' ],
20 silly audit   ms: [ '2.0.0', '2.1.3' ],
20 silly audit   'brace-expansion': [ '5.0.5', '2.1.0' ],
20 silly audit   braces: [ '3.0.3' ],
20 silly audit   browserslist: [ '4.28.2' ],
20 silly audit   'buffer-equal-constant-time': [ '1.0.1' ],
20 silly audit   'buffer-from': [ '1.1.2' ],
20 silly audit   'bundle-name': [ '4.1.0' ],
20 silly audit   busboy: [ '1.6.0' ],
20 silly audit   bytes: [ '3.1.2' ],
20 silly audit   'call-bind-apply-helpers': [ '1.0.2' ],
20 silly audit   'call-bound': [ '1.0.4' ],
20 silly audit   callsites: [ '3.1.0' ],
20 silly audit   'caniuse-lite': [ '1.0.30001788' ],
20 silly audit   ccount: [ '2.0.1' ],
20 silly audit   chalk: [ '5.6.2' ],
20 silly audit   'character-entities': [ '2.0.2' ],
20 silly audit   'character-entities-html4': [ '2.1.0' ],
20 silly audit   'character-entities-legacy': [ '3.0.0' ],
20 silly audit   'character-reference-invalid': [ '2.0.1' ],
20 silly audit   'class-variance-authority': [ '0.7.1' ],
20 silly audit   'cli-cursor': [ '5.0.0' ],
20 silly audit   'cli-spinners': [ '2.9.2' ],
20 silly audit   'cli-width': [ '4.1.0' ],
20 silly audit   cliui: [ '8.0.1' ],
20 silly audit   clsx: [ '2.1.1' ],
20 silly audit   'code-block-writer': [ '13.0.3' ],
20 silly audit   'color-convert': [ '2.0.1' ],
20 silly audit   'color-name': [ '1.1.4' ],
20 silly audit   'combined-stream': [ '1.0.8' ],
20 silly audit   'comma-separated-tokens': [ '2.0.3' ],
20 silly audit   'concat-stream': [ '2.0.0' ],
20 silly audit   'content-type': [ '1.0.5' ],
20 silly audit   'convert-source-map': [ '2.0.0' ],
20 silly audit   cookie: [ '0.7.2', '1.1.1' ],
20 silly audit   'cookie-parser': [ '1.4.7' ],
20 silly audit   cors: [ '2.8.6' ],
20 silly audit   cosmiconfig: [ '9.0.1' ],
20 silly audit   'cross-spawn': [ '7.0.6' ],
20 silly audit   isexe: [ '2.0.0', '3.1.5' ],
20 silly audit   which: [ '2.0.2', '4.0.0' ],
20 silly audit   cssesc: [ '3.0.0' ],
20 silly audit   csstype: [ '3.2.3' ],
20 silly audit   'data-uri-to-buffer': [ '4.0.1' ],
20 silly audit   'date-fns': [ '4.1.0' ],
20 silly audit   'decode-named-character-reference': [ '1.3.0' ],
20 silly audit   dedent: [ '1.7.2' ],
20 silly audit   'deep-is': [ '0.1.4' ],
20 silly audit   deepmerge: [ '4.3.1' ],
20 silly audit   'default-browser': [ '5.5.0' ],
20 silly audit   'default-browser-id': [ '5.0.1' ],
20 silly audit   'define-lazy-prop': [ '3.0.0' ],
20 silly audit   'delayed-stream': [ '1.0.0' ],
20 silly audit   depd: [ '2.0.0' ],
20 silly audit   dequal: [ '2.0.3' ],
20 silly audit   destroy: [ '1.2.0' ],
20 silly audit   'detect-libc': [ '2.1.2' ],
20 silly audit   devlop: [ '1.1.0' ],
20 silly audit   diff: [ '8.0.4' ],
20 silly audit   dotenv: [ '17.4.2' ],
20 silly audit   'dunder-proto': [ '1.0.1' ],
20 silly audit   duplexify: [ '4.1.3' ],
20 silly audit   eastasianwidth: [ '0.2.0' ],
20 silly audit   'ecdsa-sig-formatter': [ '1.0.11' ],
20 silly audit   eciesjs: [ '0.4.18' ],
20 silly audit   'ee-first': [ '1.1.1' ],
20 silly audit   'electron-to-chromium': [ '1.5.340' ],
20 silly audit   encodeurl: [ '2.0.0' ],
20 silly audit   'end-of-stream': [ '1.4.5' ],
20 silly audit   'enhanced-resolve': [ '5.20.1' ],
20 silly audit   'env-paths': [ '2.2.1' ],
20 silly audit   'error-ex': [ '1.3.4' ],
20 silly audit   'es-define-property': [ '1.0.1' ],
20 silly audit   'es-errors': [ '1.3.0' ],
20 silly audit   'es-object-atoms': [ '1.1.1' ],
20 silly audit   'es-set-tostringtag': [ '2.1.0' ],
20 silly audit   esbuild: [ '0.27.7', '0.25.12' ],
20 silly audit   escalade: [ '3.2.0' ],
20 silly audit   'escape-html': [ '1.0.3' ],
20 silly audit   'escape-string-regexp': [ '4.0.0' ],
20 silly audit   eslint: [ '10.2.1' ],
20 silly audit   'eslint-scope': [ '9.1.2' ],
20 silly audit   'glob-parent': [ '6.0.2', '5.1.2' ],
20 silly audit   espree: [ '11.2.0' ],
20 silly audit   esprima: [ '4.0.1' ],
20 silly audit   esquery: [ '1.7.0' ],
20 silly audit   esrecurse: [ '4.3.0' ],
20 silly audit   estraverse: [ '5.3.0' ],
20 silly audit   'estree-util-is-identifier-name': [ '3.0.0' ],
20 silly audit   esutils: [ '2.0.3' ],
20 silly audit   etag: [ '1.8.1' ],
20 silly audit   'event-target-shim': [ '5.0.1' ],
20 silly audit   eventsource: [ '3.0.7' ],
20 silly audit   'eventsource-parser': [ '3.0.7' ],
20 silly audit   'express-rate-limit': [ '8.3.2' ],
20 silly audit   extend: [ '3.0.2' ],
20 silly audit   'farmhash-modern': [ '1.1.0' ],
20 silly audit   'fast-deep-equal': [ '3.1.3' ],
20 silly audit   'fast-glob': [ '3.3.3' ],
20 silly audit   'fast-json-stable-stringify': [ '2.1.0' ],
20 silly audit   'fast-levenshtein': [ '2.0.6' ],
20 silly audit   'fast-string-truncated-width': [ '3.0.3' ],
20 silly audit   'fast-string-width': [ '3.0.2' ],
20 silly audit   'fast-uri': [ '3.1.0' ],
20 silly audit   'fast-wrap-ansi': [ '0.2.0' ],
20 silly audit   'fast-xml-builder': [ '1.1.5' ],
20 silly audit   'fast-xml-parser': [ '5.7.2' ],
20 silly audit   fastq: [ '1.20.1' ],
20 silly audit   'faye-websocket': [ '0.11.4' ],
20 silly audit   fdir: [ '6.5.0' ],
20 silly audit   'fetch-blob': [ '3.2.0' ],
20 silly audit   figures: [ '6.1.0' ],
20 silly audit   'file-entry-cache': [ '8.0.0' ],
20 silly audit   'fill-range': [ '7.1.1' ],
20 silly audit   'find-up': [ '5.0.0' ],
20 silly audit   firebase: [ '12.12.0' ],
20 silly audit   'firebase-admin': [ '13.8.0' ],
20 silly audit   'flat-cache': [ '4.0.1' ],
20 silly audit   flatted: [ '3.4.2' ],
20 silly audit   'foreground-child': [ '3.3.1' ],
20 silly audit   'form-data': [ '2.5.5' ],
20 silly audit   'formdata-polyfill': [ '4.0.10' ],
20 silly audit   forwarded: [ '0.2.0' ],
20 silly audit   'fraction.js': [ '5.3.4' ],
20 silly audit   'framer-motion': [ '12.38.0' ],
20 silly audit   'fs-extra': [ '11.3.4' ],
20 silly audit   fsevents: [ '2.3.3' ],
20 silly audit   'function-bind': [ '1.1.2' ],
20 silly audit   'functional-red-black-tree': [ '1.0.1' ],
20 silly audit   fuzzysort: [ '3.1.0' ],
20 silly audit   gensync: [ '1.0.0-beta.2' ],
20 silly audit   'get-caller-file': [ '2.0.5' ],
20 silly audit   'get-east-asian-width': [ '1.5.0' ],
20 silly audit   'get-intrinsic': [ '1.3.0' ],
20 silly audit   'get-own-enumerable-keys': [ '1.0.0' ],
20 silly audit   'get-proto': [ '1.0.1' ],
20 silly audit   'get-tsconfig': [ '4.14.0' ],
20 silly audit   glob: [ '10.5.0' ],
20 silly audit   minimatch: [ '9.0.9', '10.2.5' ],
20 silly audit   googleapis: [ '171.4.0' ],
20 silly audit   'googleapis-common': [ '8.0.1' ],
20 silly audit   gopd: [ '1.2.0' ],
20 silly audit   'graceful-fs': [ '4.2.11' ],
20 silly audit   graphql: [ '16.13.2' ],
20 silly audit   gtoken: [ '7.1.0' ],
20 silly audit   'has-symbols': [ '1.1.0' ],
20 silly audit   'has-tostringtag': [ '1.0.2' ],
20 silly audit   hasown: [ '2.0.3' ],
20 silly audit   'hast-util-to-jsx-runtime': [ '2.3.6' ],
20 silly audit   'hast-util-whitespace': [ '3.0.0' ],
20 silly audit   'headers-polyfill': [ '5.0.1' ],
20 silly audit   hono: [ '4.12.14' ],
20 silly audit   'html-entities': [ '2.6.0' ],
20 silly audit   'html-url-attributes': [ '3.0.1' ],
20 silly audit   'http-errors': [ '2.0.1' ],
20 silly audit   'http-parser-js': [ '0.5.10' ],
20 silly audit   'https-proxy-agent': [ '7.0.6', '5.0.1' ],
20 silly audit   idb: [ '7.1.1' ],
20 silly audit   ignore: [ '5.3.2' ],
20 silly audit   'import-fresh': [ '3.3.1' ],
20 silly audit   imurmurhash: [ '0.1.4' ],
20 silly audit   inherits: [ '2.0.4' ],
20 silly audit   'inline-style-parser': [ '0.2.7' ],
20 silly audit   'ip-address': [ '10.1.0' ],
20 silly audit   'ipaddr.js': [ '1.9.1' ],
20 silly audit   'is-alphabetical': [ '2.0.1' ],
20 silly audit   'is-alphanumerical': [ '2.0.1' ],
20 silly audit   'is-arrayish': [ '0.2.1' ],
20 silly audit   'is-decimal': [ '2.0.1' ],
20 silly audit   'is-docker': [ '3.0.0' ],
20 silly audit   'is-extglob': [ '2.1.1' ],
20 silly audit   'is-fullwidth-code-point': [ '3.0.0' ],
20 silly audit   'is-glob': [ '4.0.3' ],
20 silly audit   'is-hexadecimal': [ '2.0.1' ],
20 silly audit   'is-in-ssh': [ '1.0.0' ],
20 silly audit   'is-inside-container': [ '1.0.0' ],
20 silly audit   'is-interactive': [ '2.0.0' ],
20 silly audit   'is-node-process': [ '1.2.0' ],
20 silly audit   'is-number': [ '7.0.0' ],
20 silly audit   'is-obj': [ '3.0.0' ],
20 silly audit   'is-plain-obj': [ '4.1.0' ],
20 silly audit   'is-promise': [ '4.0.0' ],
20 silly audit   'is-regexp': [ '3.1.0' ],
20 silly audit   'is-unicode-supported': [ '2.1.0', '1.3.0' ],
20 silly audit   'is-wsl': [ '3.1.1' ],
20 silly audit   jackspeak: [ '3.4.3' ],
20 silly audit   jiti: [ '2.6.1' ],
20 silly audit   jose: [ '6.2.2', '4.15.9' ],
20 silly audit   'js-tokens': [ '4.0.0' ],
20 silly audit   'js-yaml': [ '4.1.1' ],
20 silly audit   jsesc: [ '3.1.0' ],
20 silly audit   'json-bigint': [ '1.0.0' ],
20 silly audit   'json-buffer': [ '3.0.1' ],
20 silly audit   'json-parse-even-better-errors': [ '2.3.1' ],
20 silly audit   'json-schema-typed': [ '8.0.2' ],
20 silly audit   'json-stable-stringify-without-jsonify': [ '1.0.1' ],
20 silly audit   json5: [ '2.2.3' ],
20 silly audit   jsonfile: [ '6.2.0' ],
20 silly audit   jsonwebtoken: [ '9.0.3' ],
20 silly audit   jwa: [ '2.0.1' ],
20 silly audit   'jwks-rsa': [ '3.2.2' ],
20 silly audit   jws: [ '4.0.1' ],
20 silly audit   keyv: [ '4.5.4' ],
20 silly audit   kleur: [ '4.1.5', '3.0.3' ],
20 silly audit   levn: [ '0.4.1' ],
20 silly audit   lightningcss: [ '1.32.0' ],
20 silly audit   'lightningcss-android-arm64': [ '1.32.0' ],
20 silly audit   'lightningcss-darwin-arm64': [ '1.32.0' ],
20 silly audit   'lightningcss-darwin-x64': [ '1.32.0' ],
20 silly audit   'lightningcss-freebsd-x64': [ '1.32.0' ],
20 silly audit   'lightningcss-linux-arm-gnueabihf': [ '1.32.0' ],
20 silly audit   'lightningcss-linux-arm64-gnu': [ '1.32.0' ],
20 silly audit   'lightningcss-linux-arm64-musl': [ '1.32.0' ],
20 silly audit   'lightningcss-linux-x64-gnu': [ '1.32.0' ],
20 silly audit   'lightningcss-linux-x64-musl': [ '1.32.0' ],
20 silly audit   'lightningcss-win32-arm64-msvc': [ '1.32.0' ],
20 silly audit   'lightningcss-win32-x64-msvc': [ '1.32.0' ],
20 silly audit   limiter: [ '1.1.5' ],
20 silly audit   'lines-and-columns': [ '1.2.4' ],
20 silly audit   'locate-path': [ '6.0.0' ],
20 silly audit   'lodash.camelcase': [ '4.3.0' ],
20 silly audit   'lodash.clonedeep': [ '4.5.0' ],
20 silly audit   'lodash.includes': [ '4.3.0' ],
20 silly audit   'lodash.isboolean': [ '3.0.3' ],
20 silly audit   'lodash.isinteger': [ '4.0.4' ],
20 silly audit   'lodash.isnumber': [ '3.0.3' ],
20 silly audit   'lodash.isplainobject': [ '4.0.6' ],
20 silly audit   'lodash.isstring': [ '4.0.1' ],
20 silly audit   'lodash.merge': [ '4.6.2' ],
20 silly audit   'lodash.once': [ '4.1.1' ],
20 silly audit   'log-symbols': [ '6.0.0' ],
20 silly audit   long: [ '5.3.2' ],
20 silly audit   'longest-streak': [ '3.1.0' ],
20 silly audit   'lru-cache': [ '5.1.1', '6.0.0', '10.4.3' ],
20 silly audit   'lru-memoizer': [ '2.3.0' ],
20 silly audit   yallist: [ '4.0.0', '3.1.1' ],
20 silly audit   'lucide-react': [ '0.546.0' ],
20 silly audit   'magic-string': [ '0.30.21' ],
20 silly audit   'math-intrinsics': [ '1.1.0' ],
20 silly audit   'mdast-util-from-markdown': [ '2.0.3' ],
20 silly audit   'mdast-util-mdx-expression': [ '2.0.1' ],
20 silly audit   'mdast-util-mdx-jsx': [ '3.2.0' ],
20 silly audit   'mdast-util-mdxjs-esm': [ '2.0.1' ],
20 silly audit   'mdast-util-phrasing': [ '4.1.0' ],
20 silly audit   'mdast-util-to-hast': [ '13.2.1' ],
20 silly audit   'mdast-util-to-markdown': [ '2.1.2' ],
20 silly audit   'mdast-util-to-string': [ '4.0.0' ],
20 silly audit   'merge-stream': [ '2.0.0' ],
20 silly audit   merge2: [ '1.4.1' ],
20 silly audit   methods: [ '1.1.2' ],
20 silly audit   micromark: [ '4.0.2' ],
20 silly audit   'micromark-core-commonmark': [ '2.0.3' ],
20 silly audit   'micromark-factory-destination': [ '2.0.1' ],
20 silly audit   'micromark-factory-label': [ '2.0.1' ],
20 silly audit   'micromark-factory-space': [ '2.0.1' ],
20 silly audit   'micromark-factory-title': [ '2.0.1' ],
20 silly audit   'micromark-factory-whitespace': [ '2.0.1' ],
20 silly audit   'micromark-util-character': [ '2.1.1' ],
20 silly audit   'micromark-util-chunked': [ '2.0.1' ],
20 silly audit   'micromark-util-classify-character': [ '2.0.1' ],
20 silly audit   'micromark-util-combine-extensions': [ '2.0.1' ],
20 silly audit   'micromark-util-decode-numeric-character-reference': [ '2.0.2' ],
20 silly audit   'micromark-util-decode-string': [ '2.0.1' ],
20 silly audit   'micromark-util-encode': [ '2.0.1' ],
20 silly audit   'micromark-util-html-tag-name': [ '2.0.1' ],
20 silly audit   'micromark-util-normalize-identifier': [ '2.0.1' ],
20 silly audit   'micromark-util-resolve-all': [ '2.0.1' ],
20 silly audit   'micromark-util-sanitize-uri': [ '2.0.1' ],
20 silly audit   'micromark-util-subtokenize': [ '2.1.0' ],
20 silly audit   'micromark-util-symbol': [ '2.0.1' ],
20 silly audit   'micromark-util-types': [ '2.0.2' ],
20 silly audit   micromatch: [ '4.0.8' ],
20 silly audit   picomatch: [ '2.3.2', '4.0.4' ],
20 silly audit   'mimic-fn': [ '2.1.0' ],
20 silly audit   'mimic-function': [ '5.0.1' ],
20 silly audit   minimist: [ '1.2.8' ],
20 silly audit   minipass: [ '7.1.3' ],
20 silly audit   motion: [ '12.38.0' ],
20 silly audit   'motion-dom': [ '12.38.0' ],
20 silly audit   'motion-utils': [ '12.36.0' ],
20 silly audit   msw: [ '2.13.4' ],
20 silly audit   'path-to-regexp': [ '6.3.0', '0.1.13', '8.4.2' ],
20 silly audit   multer: [ '2.1.1' ],
20 silly audit   'mute-stream': [ '3.0.0' ],
20 silly audit   nanoid: [ '3.3.11' ],
20 silly audit   'natural-compare': [ '1.4.0' ],
20 silly audit   'node-domexception': [ '1.0.0' ],
20 silly audit   'node-forge': [ '1.4.0' ],
20 silly audit   'node-releases': [ '2.0.37' ],
20 silly audit   'path-key': [ '4.0.0', '3.1.1' ],
20 silly audit   'object-assign': [ '4.1.1' ],
20 silly audit   'object-hash': [ '3.0.0' ],
20 silly audit   'object-inspect': [ '1.13.4' ],
20 silly audit   'object-treeify': [ '1.1.33' ],
20 silly audit   'on-finished': [ '2.4.1' ],
20 silly audit   once: [ '1.4.0' ],
20 silly audit   open: [ '11.0.0' ],
20 silly audit   optionator: [ '0.9.4' ],
20 silly audit   ora: [ '8.2.0' ],
20 silly audit   outvariant: [ '1.4.3' ],
20 silly audit   'p-limit': [ '3.1.0' ],
20 silly audit   'p-locate': [ '5.0.0' ],
20 silly audit   'p-retry': [ '4.6.2' ],
20 silly audit   'package-json-from-dist': [ '1.0.1' ],
20 silly audit   'parent-module': [ '1.0.1' ],
20 silly audit   'parse-entities': [ '4.0.2' ],
20 silly audit   'parse-json': [ '5.2.0' ],
20 silly audit   'parse-ms': [ '4.0.0' ],
20 silly audit   parseurl: [ '1.3.3' ],
20 silly audit   'path-browserify': [ '1.0.1' ],
20 silly audit   'path-exists': [ '4.0.0' ],
20 silly audit   'path-expression-matcher': [ '1.5.0' ],
20 silly audit   'path-scurry': [ '1.11.1' ],
20 silly audit   picocolors: [ '1.1.1' ],
20 silly audit   'pkce-challenge': [ '5.0.1' ],
20 silly audit   postcss: [ '8.5.10' ],
20 silly audit   'postcss-selector-parser': [ '7.1.1' ],
20 silly audit   'postcss-value-parser': [ '4.2.0' ],
20 silly audit   'powershell-utils': [ '0.1.0' ],
20 silly audit   'prelude-ls': [ '1.2.1' ],
20 silly audit   'pretty-ms': [ '9.3.0' ],
20 silly audit   prompts: [ '2.4.2' ],
20 silly audit   'property-information': [ '7.1.0' ],
20 silly audit   protobufjs: [ '7.5.5' ],
20 silly audit   'proxy-addr': [ '2.0.7' ],
20 silly audit   punycode: [ '2.3.1' ],
20 silly audit   pvtsutils: [ '1.3.6' ],
20 silly audit   pvutils: [ '1.1.5' ],
20 silly audit   qs: [ '6.14.2' ],
20 silly audit   'queue-microtask': [ '1.2.3' ],
20 silly audit   'range-parser': [ '1.2.1' ],
20 silly audit   react: [ '19.2.5' ],
20 silly audit   'react-dom': [ '19.2.5' ],
20 silly audit   'react-markdown': [ '10.1.0' ],
20 silly audit   'react-refresh': [ '0.18.0' ],
20 silly audit   'react-virtuoso': [ '4.18.5' ],
20 silly audit   'readable-stream': [ '3.6.2' ],
20 silly audit   recast: [ '0.23.11' ],
20 silly audit   'reflect-metadata': [ '0.2.2' ],
20 silly audit   'remark-parse': [ '11.0.0' ],
20 silly audit   'remark-rehype': [ '11.1.2' ],
20 silly audit   'require-directory': [ '2.1.1' ],
20 silly audit   'require-from-string': [ '2.0.2' ],
20 silly audit   reselect: [ '5.1.1' ],
20 silly audit   'resolve-from': [ '4.0.0' ],
20 silly audit   'resolve-pkg-maps': [ '1.0.0' ],
20 silly audit   'restore-cursor': [ '5.1.0' ],
20 silly audit   retry: [ '0.13.1' ],
20 silly audit   rettime: [ '0.11.7' ],
20 silly audit   reusify: [ '1.1.0' ],
20 silly audit   rimraf: [ '5.0.10' ],
20 silly audit   rollup: [ '4.60.1' ],
20 silly audit   router: [ '2.2.0' ],
20 silly audit   'run-applescript': [ '7.1.0' ],
20 silly audit   'run-parallel': [ '1.2.0' ],
20 silly audit   'safe-buffer': [ '5.2.1' ],
20 silly audit   'safer-buffer': [ '2.1.2' ],
20 silly audit   scheduler: [ '0.27.0' ],
20 silly audit   'set-cookie-parser': [ '3.1.0' ],
20 silly audit   setprototypeof: [ '1.2.0' ],
20 silly audit   shadcn: [ '4.3.0' ],
20 silly audit   'shebang-command': [ '2.0.0' ],
20 silly audit   'shebang-regex': [ '3.0.0' ],
20 silly audit   'side-channel': [ '1.1.0' ],
20 silly audit   'side-channel-list': [ '1.0.1' ],
20 silly audit   'side-channel-map': [ '1.0.1' ],
20 silly audit   'side-channel-weakmap': [ '1.0.2' ],
20 silly audit   sisteransi: [ '1.0.5' ],
20 silly audit   'source-map': [ '0.6.1' ],
20 silly audit   'source-map-js': [ '1.2.1' ],
20 silly audit   'space-separated-tokens': [ '2.0.2' ],
20 silly audit   statuses: [ '2.0.2' ],
20 silly audit   'stdin-discarder': [ '0.2.2' ],
20 silly audit   'stream-events': [ '1.0.5' ],
20 silly audit   'stream-shift': [ '1.0.3' ],
20 silly audit   streamsearch: [ '1.1.0' ],
20 silly audit   'strict-event-emitter': [ '0.5.1' ],
20 silly audit   string_decoder: [ '1.3.0' ],
20 silly audit   'stringify-entities': [ '4.0.4' ],
20 silly audit   'stringify-object': [ '5.0.0' ],
20 silly audit   'strip-bom': [ '3.0.0' ],
20 silly audit   strnum: [ '2.2.3' ],
20 silly audit   stubs: [ '3.0.0' ],
20 silly audit   'style-to-js': [ '1.1.21' ],
20 silly audit   'style-to-object': [ '1.0.14' ],
20 silly audit   'tagged-tag': [ '1.0.0' ],
20 silly audit   'tailwind-merge': [ '3.5.0' ],
20 silly audit   tailwindcss: [ '4.2.2' ],
20 silly audit   tapable: [ '2.3.2' ],
20 silly audit   'tiny-invariant': [ '1.3.3' ],
20 silly audit   tinyglobby: [ '0.2.16' ],
20 silly audit   tldts: [ '7.0.28' ],
20 silly audit   'tldts-core': [ '7.0.28' ],
20 silly audit   'to-regex-range': [ '5.0.1' ],
20 silly audit   toidentifier: [ '1.0.1' ],
20 silly audit   'tough-cookie': [ '6.0.1' ],
20 silly audit   tr46: [ '0.0.3' ],
20 silly audit   'trim-lines': [ '3.0.1' ],
20 silly audit   trough: [ '2.2.0' ],
20 silly audit   'ts-api-utils': [ '2.5.0' ],
20 silly audit   'ts-morph': [ '26.0.0' ],
20 silly audit   'tsconfig-paths': [ '4.2.0' ],
20 silly audit   tslib: [ '2.8.1', '1.14.1' ],
20 silly audit   tsx: [ '4.21.0' ],
20 silly audit   tsyringe: [ '4.10.0' ],
20 silly audit   'tw-animate-css': [ '1.4.0' ],
20 silly audit   'type-check': [ '0.4.0' ],
20 silly audit   'type-fest': [ '5.6.0' ],
20 silly audit   typedarray: [ '0.0.6' ],
20 silly audit   typescript: [ '5.8.3' ],
20 silly audit   'undici-types': [ '6.21.0' ],
20 silly audit   'unicorn-magic': [ '0.3.0' ],
20 silly audit   unified: [ '11.0.5' ],
20 silly audit   'unist-util-is': [ '6.0.1' ],
20 silly audit   'unist-util-position': [ '5.0.0' ],
20 silly audit   'unist-util-stringify-position': [ '4.0.0' ],
20 silly audit   'unist-util-visit': [ '5.1.0' ],
20 silly audit   'unist-util-visit-parents': [ '6.0.2' ],
20 silly audit   universalify: [ '2.0.1' ],
20 silly audit   unpipe: [ '1.0.0' ],
20 silly audit   'until-async': [ '3.0.2' ],
20 silly audit   'update-browserslist-db': [ '1.2.3' ],
20 silly audit   'uri-js': [ '4.4.1' ],
20 silly audit   'url-template': [ '2.0.8' ],
20 silly audit   'use-sync-external-store': [ '1.6.0' ],
20 silly audit   'util-deprecate': [ '1.0.2' ],
20 silly audit   'utils-merge': [ '1.0.1' ],
20 silly audit   'validate-npm-package-name': [ '7.0.2' ],
20 silly audit   vary: [ '1.1.2' ],
20 silly audit   vfile: [ '6.0.3' ],
20 silly audit   'vfile-message': [ '4.0.3' ],
20 silly audit   vite: [ '6.4.2' ],
20 silly audit   'web-streams-polyfill': [ '3.3.3' ],
20 silly audit   'web-vitals': [ '4.2.4' ],
20 silly audit   'webidl-conversions': [ '3.0.1' ],
20 silly audit   'websocket-driver': [ '0.7.4' ],
20 silly audit   'websocket-extensions': [ '0.1.4' ],
20 silly audit   'whatwg-url': [ '5.0.0' ],
20 silly audit   'word-wrap': [ '1.2.5' ],
20 silly audit   wrappy: [ '1.0.2' ],
20 silly audit   ws: [ '8.20.0' ],
20 silly audit   'wsl-utils': [ '0.3.1' ],
20 silly audit   y18n: [ '5.0.8' ],
20 silly audit   yargs: [ '17.7.2' ],
20 silly audit   'yargs-parser': [ '21.1.1' ],
20 silly audit   'yocto-queue': [ '0.1.0' ],
20 silly audit   'yocto-spinner': [ '1.1.0' ],
20 silly audit   yoctocolors: [ '2.1.2' ],
20 silly audit   zod: [ '3.25.76' ],
20 silly audit   'zod-to-json-schema': [ '3.25.2' ],
20 silly audit   zwitch: [ '2.0.4' ],
20 silly audit   '@simplewebauthn/browser': [ '13.3.0' ]
20 silly audit }
21 http cache @simplewebauthn/browser@https://registry.npmjs.org/@simplewebauthn/browser/-/browser-13.3.0.tgz 0ms (cache hit)
22 silly tarball no local data for @simplewebauthn/browser@https://registry.npmjs.org/@simplewebauthn/browser/-/browser-13.3.0.tgz. Extracting by manifest.
23 http fetch POST 200 https://registry.npmjs.org/-/npm/v1/security/advisories/bulk 195ms
24 silly audit report {
24 silly audit report   uuid: [
24 silly audit report     {
24 silly audit report       id: 1117637,
24 silly audit report       url: 'https://github.com/advisories/GHSA-w5hq-g745-h8pq',
24 silly audit report       title: 'uuid: Missing buffer bounds check in v3/v5/v6 when buf is provided',
24 silly audit report       severity: 'moderate',
24 silly audit report       vulnerable_versions: '>=11.0.0 <11.1.1',
24 silly audit report       cwe: [Array],
24 silly audit report       cvss: [Object]
24 silly audit report     }
24 silly audit report   ],
24 silly audit report   '@protobufjs/utf8': [
24 silly audit report     {
24 silly audit report       id: 1118933,
24 silly audit report       url: 'https://github.com/advisories/GHSA-q6x5-8v7m-xcrf',
24 silly audit report       title: 'protobufjs has overlong UTF-8 decoding',
24 silly audit report       severity: 'moderate',
24 silly audit report       vulnerable_versions: '<=1.1.0',
24 silly audit report       cwe: [Array],
24 silly audit report       cvss: [Object]
24 silly audit report     }
24 silly audit report   ],
24 silly audit report   '@tootallnate/once': [
24 silly audit report     {
24 silly audit report       id: 1113977,
24 silly audit report       url: 'https://github.com/advisories/GHSA-vpq2-c234-7xj6',
24 silly audit report       title: '@tootallnate/once vulnerable to Incorrect Control Flow Scoping',
24 silly audit report       severity: 'low',
24 silly audit report       vulnerable_versions: '<3.0.1',
24 silly audit report       cwe: [Array],
24 silly audit report       cvss: [Object]
24 silly audit report     }
24 silly audit report   ],
24 silly audit report   'fast-uri': [
24 silly audit report     {
24 silly audit report       id: 1117884,
24 silly audit report       url: 'https://github.com/advisories/GHSA-v39h-62p7-jpjc',
24 silly audit report       title: 'fast-uri vulnerable to host confusion via percent-encoded authority delimiters',
24 silly audit report       severity: 'high',
24 silly audit report       vulnerable_versions: '<=3.1.1',
24 silly audit report       cwe: [Array],
24 silly audit report       cvss: [Object]
24 silly audit report     },
24 silly audit report     {
24 silly audit report       id: 1117870,
24 silly audit report       url: 'https://github.com/advisories/GHSA-q3j6-qgpj-74h6',
24 silly audit report       title: 'fast-uri vulnerable to path traversal via percent-encoded dot segments',
24 silly audit report       severity: 'high',
24 silly audit report       vulnerable_versions: '<=3.1.0',
24 silly audit report       cwe: [Array],
24 silly audit report       cvss: [Object]
24 silly audit report     }
24 silly audit report   ],
24 silly audit report   'fast-xml-builder': [
24 silly audit report     {
24 silly audit report       id: 1118965,
24 silly audit report       url: 'https://github.com/advisories/GHSA-5wm8-gmm8-39j9',
24 silly audit report       title: 'fast-xml-builder allows attribute values with unwanted quotes to bypass malicious or unwanted attributes',
24 silly audit report       severity: 'high',
24 silly audit report       vulnerable_versions: '<=1.1.6',
24 silly audit report       cwe: [Array],
24 silly audit report       cvss: [Object]
24 silly audit report     },
24 silly audit report     {
24 silly audit report       id: 1118966,
24 silly audit report       url: 'https://github.com/advisories/GHSA-45c6-75p6-83cc',
24 silly audit report       title: 'fast-xml-builder Comment Value regex can be bypassed',
24 silly audit report       severity: 'moderate',
24 silly audit report       vulnerable_versions: '=1.1.5',
24 silly audit report       cwe: [Array],
24 silly audit report       cvss: [Object]
24 silly audit report     }
24 silly audit report   ],
24 silly audit report   hono: [
24 silly audit report     {
24 silly audit report       id: 1117915,
24 silly audit report       url: 'https://github.com/advisories/GHSA-qp7p-654g-cw7p',
24 silly audit report       title: 'Hono has CSS Declaration Injection via Style Object Values in JSX SSR',
24 silly audit report       severity: 'moderate',
24 silly audit report       vulnerable_versions: '<4.12.18',
24 silly audit report       cwe: [Array],
24 silly audit report       cvss: [Object]
24 silly audit report     },
24 silly audit report     {
24 silly audit report       id: 1118963,
24 silly audit report       url: 'https://github.com/advisories/GHSA-hm8q-7f3q-5f36',
24 silly audit report       title: 'Hono has improper validation of NumericDate claims (exp, nbf, iat) in JWT verify()',
24 silly audit report       severity: 'low',
24 silly audit report       vulnerable_versions: '<4.12.18',
24 silly audit report       cwe: [Array],
24 silly audit report       cvss: [Object]
24 silly audit report     },
24 silly audit report     {
24 silly audit report       id: 1118964,
24 silly audit report       url: 'https://github.com/advisories/GHSA-p77w-8qqv-26rm',
24 silly audit report       title: "Hono's Cache Middleware ignores Vary: Authorization / Vary: Cookie leading to cross-user cache leakage",
24 silly audit report       severity: 'moderate',
24 silly audit report       vulnerable_versions: '<4.12.18',
24 silly audit report       cwe: [Array],
24 silly audit report       cvss: [Object]
24 silly audit report     },
24 silly audit report     {
24 silly audit report       id: 1118982,
24 silly audit report       url: 'https://github.com/advisories/GHSA-9vqf-7f2p-gf9v',
24 silly audit report       title: 'Hono: bodyLimit() can be bypassed for chunked / unknown-length requests',
24 silly audit report       severity: 'moderate',
24 silly audit report       vulnerable_versions: '<4.12.16',
24 silly audit report       cwe: [Array],
24 silly audit report       cvss: [Object]
24 silly audit report     },
24 silly audit report     {
24 silly audit report       id: 1118983,
24 silly audit report       url: 'https://github.com/advisories/GHSA-69xw-7hcm-h432',
24 silly audit report       title: 'hono/jsx has Unvalidated JSX Tag Names that May Allow HTML Injection',
24 silly audit report       severity: 'moderate',
24 silly audit report       vulnerable_versions: '<4.12.16',
24 silly audit report       cwe: [Array],
24 silly audit report       cvss: [Object]
24 silly audit report     }
24 silly audit report   ],
24 silly audit report   'ip-address': [
24 silly audit report     {
24 silly audit report       id: 1118827,
24 silly audit report       url: 'https://github.com/advisories/GHSA-v2v4-37r5-5v8g',
24 silly audit report       title: 'ip-address has XSS in Address6 HTML-emitting methods',
24 silly audit report       severity: 'moderate',
24 silly audit report       vulnerable_versions: '<=10.1.0',
24 silly audit report       cwe: [Array],
24 silly audit report       cvss: [Object]
24 silly audit report     }
24 silly audit report   ],
24 silly audit report   protobufjs: [
24 silly audit report     {
24 silly audit report       id: 1118641,
24 silly audit report       url: 'https://github.com/advisories/GHSA-66ff-xgx4-vchm',
24 silly audit report       title: 'protobuf.js: Code injection through bytes field defaults in generated toObject code',
24 silly audit report       severity: 'high',
24 silly audit report       vulnerable_versions: '<=7.5.5',
24 silly audit report       cwe: [Array],
24 silly audit report       cvss: [Object]
24 silly audit report     },
24 silly audit report     {
24 silly audit report       id: 1118924,
24 silly audit report       url: 'https://github.com/advisories/GHSA-2pr8-phx7-x9h3',
24 silly audit report       title: 'protobuf.js: Denial of service from crafted field names in generated code',
24 silly audit report       severity: 'moderate',
24 silly audit report       vulnerable_versions: '<=7.5.5',
24 silly audit report       cwe: [Array],
24 silly audit report       cvss: [Object]
24 silly audit report     },
24 silly audit report     {
24 silly audit report       id: 1118926,
24 silly audit report       url: 'https://github.com/advisories/GHSA-fx83-v9x8-x52w',
24 silly audit report       title: 'protobuf.js: Prototype injection in generated message constructors',
24 silly audit report       severity: 'moderate',
24 silly audit report       vulnerable_versions: '<=7.5.5',
24 silly audit report       cwe: [Array],
24 silly audit report       cvss: [Object]
24 silly audit report     },
24 silly audit report     {
24 silly audit report       id: 1118928,
24 silly audit report       url: 'https://github.com/advisories/GHSA-75px-5xx7-5xc7',
24 silly audit report       title: 'protobuf.js: Code generation gadget after prototype pollution',
24 silly audit report       severity: 'high',
24 silly audit report       vulnerable_versions: '<=7.5.5',
24 silly audit report       cwe: [Array],
24 silly audit report       cvss: [Object]
24 silly audit report     },
24 silly audit report     {
24 silly audit report       id: 1118930,
24 silly audit report       url: 'https://github.com/advisories/GHSA-jvwf-75h9-cwgg',
24 silly audit report       title: 'protobuf.js: Process-wide denial of service through unsafe option paths',
24 silly audit report       severity: 'high',
24 silly audit report       vulnerable_versions: '<=7.5.5',
24 silly audit report       cwe: [Array],
24 silly audit report       cvss: [Object]
24 silly audit report     },
24 silly audit report     {
24 silly audit report       id: 1118932,
24 silly audit report       url: 'https://github.com/advisories/GHSA-685m-2w69-288q',
24 silly audit report       title: 'protobuf.js: Denial of service through unbounded protobuf recursion',
24 silly audit report       severity: 'high',
24 silly audit report       vulnerable_versions: '<=7.5.5',
24 silly audit report       cwe: [Array],
24 silly audit report       cvss: [Object]
24 silly audit report     },
24 silly audit report     {
24 silly audit report       id: 1118935,
24 silly audit report       url: 'https://github.com/advisories/GHSA-q6x5-8v7m-xcrf',
24 silly audit report       title: 'protobufjs has overlong UTF-8 decoding',
24 silly audit report       severity: 'moderate',
24 silly audit report       vulnerable_versions: '<=7.5.5',
24 silly audit report       cwe: [Array],
24 silly audit report       cvss: [Object]
24 silly audit report     }
24 silly audit report   ]
24 silly audit report }
25 silly packumentCache corgi:https://registry.npmjs.org/uuid cache-miss
26 silly packumentCache corgi:https://registry.npmjs.org/@protobufjs%2futf8 cache-miss
27 silly packumentCache corgi:https://registry.npmjs.org/@tootallnate%2fonce cache-miss
28 silly packumentCache corgi:https://registry.npmjs.org/fast-uri cache-miss
29 silly packumentCache corgi:https://registry.npmjs.org/fast-xml-builder cache-miss
30 silly packumentCache corgi:https://registry.npmjs.org/hono cache-miss
31 silly packumentCache corgi:https://registry.npmjs.org/ip-address cache-miss
32 silly packumentCache corgi:https://registry.npmjs.org/protobufjs cache-miss
33 http cache https://registry.npmjs.org/@tootallnate%2fonce 17ms (cache hit)
34 silly packumentCache corgi:https://registry.npmjs.org/@tootallnate%2fonce set size:11748 disposed:false
35 http cache https://registry.npmjs.org/fast-xml-builder 18ms (cache hit)
36 silly packumentCache corgi:https://registry.npmjs.org/fast-xml-builder set size:12786 disposed:false
37 http cache https://registry.npmjs.org/fast-uri 19ms (cache hit)
38 silly packumentCache corgi:https://registry.npmjs.org/fast-uri set size:21110 disposed:false
39 http cache https://registry.npmjs.org/protobufjs 18ms (cache hit)
40 silly packumentCache corgi:https://registry.npmjs.org/protobufjs set size:260101 disposed:false
41 http cache https://registry.npmjs.org/@protobufjs%2futf8 24ms (cache hit)
42 silly packumentCache corgi:https://registry.npmjs.org/@protobufjs%2futf8 set size:5066 disposed:false
43 http cache https://registry.npmjs.org/uuid 26ms (cache hit)
44 silly packumentCache corgi:https://registry.npmjs.org/uuid set size:81812 disposed:false
45 http cache https://registry.npmjs.org/hono 26ms (cache hit)
46 silly packumentCache corgi:https://registry.npmjs.org/hono set size:692686 disposed:false
47 http cache https://registry.npmjs.org/ip-address 35ms (cache hit)
48 silly packumentCache corgi:https://registry.npmjs.org/ip-address set size:69861 disposed:false
49 silly packumentCache corgi:https://registry.npmjs.org/firebase-admin cache-miss
50 http cache https://registry.npmjs.org/firebase-admin 4ms (cache hit)
51 silly packumentCache corgi:https://registry.npmjs.org/firebase-admin set size:342953 disposed:false
52 silly packumentCache corgi:https://registry.npmjs.org/http-proxy-agent cache-miss
53 http cache https://registry.npmjs.org/http-proxy-agent 1ms (cache hit)
54 silly packumentCache corgi:https://registry.npmjs.org/http-proxy-agent set size:24577 disposed:false
55 silly packumentCache corgi:https://registry.npmjs.org/ajv cache-miss
56 http cache https://registry.npmjs.org/ajv 2ms (cache hit)
57 silly packumentCache corgi:https://registry.npmjs.org/ajv set size:467559 disposed:false
58 silly packumentCache corgi:https://registry.npmjs.org/fast-xml-parser cache-miss
59 http cache https://registry.npmjs.org/fast-xml-parser 2ms (cache hit)
60 silly packumentCache corgi:https://registry.npmjs.org/fast-xml-parser set size:256186 disposed:false
61 silly packumentCache corgi:https://registry.npmjs.org/@hono%2fnode-server cache-miss
62 silly packumentCache corgi:https://registry.npmjs.org/@modelcontextprotocol%2fsdk cache-miss
63 http cache https://registry.npmjs.org/@hono%2fnode-server 2ms (cache hit)
64 silly packumentCache corgi:https://registry.npmjs.org/@hono%2fnode-server set size:89128 disposed:false
65 http cache https://registry.npmjs.org/@modelcontextprotocol%2fsdk 4ms (cache hit)
66 silly packumentCache corgi:https://registry.npmjs.org/@modelcontextprotocol%2fsdk set size:115846 disposed:false
67 silly packumentCache corgi:https://registry.npmjs.org/express-rate-limit cache-miss
68 http cache https://registry.npmjs.org/express-rate-limit 1ms (cache hit)
69 silly packumentCache corgi:https://registry.npmjs.org/express-rate-limit set size:177929 disposed:false
70 silly packumentCache corgi:https://registry.npmjs.org/@google-cloud%2ffirestore cache-miss
71 silly packumentCache corgi:https://registry.npmjs.org/@grpc%2fproto-loader cache-miss
72 silly packumentCache corgi:https://registry.npmjs.org/google-gax cache-miss
73 silly packumentCache corgi:https://registry.npmjs.org/proto3-json-serializer cache-miss
74 silly packumentCache corgi:https://registry.npmjs.org/@google%2fgenai cache-miss
75 http cache https://registry.npmjs.org/@google-cloud%2ffirestore 3ms (cache hit)
76 silly packumentCache corgi:https://registry.npmjs.org/@google-cloud%2ffirestore set size:330220 disposed:false
77 http cache https://registry.npmjs.org/proto3-json-serializer 5ms (cache hit)
78 silly packumentCache corgi:https://registry.npmjs.org/proto3-json-serializer set size:36620 disposed:false
79 http cache https://registry.npmjs.org/google-gax 6ms (cache hit)
80 silly packumentCache corgi:https://registry.npmjs.org/google-gax set size:997085 disposed:false
81 http cache https://registry.npmjs.org/@google%2fgenai 11ms (cache hit)
82 silly packumentCache corgi:https://registry.npmjs.org/@google%2fgenai set size:109387 disposed:false
83 http cache https://registry.npmjs.org/@grpc%2fproto-loader 13ms (cache hit)
84 silly packumentCache corgi:https://registry.npmjs.org/@grpc%2fproto-loader set size:103824 disposed:false
85 silly packumentCache corgi:https://registry.npmjs.org/teeny-request cache-miss
86 http cache https://registry.npmjs.org/teeny-request 5ms (cache hit)
87 silly packumentCache corgi:https://registry.npmjs.org/teeny-request set size:97803 disposed:false
88 silly packumentCache corgi:https://registry.npmjs.org/@google-cloud%2fstorage cache-miss
89 silly packumentCache corgi:https://registry.npmjs.org/retry-request cache-miss
90 http cache https://registry.npmjs.org/retry-request 3ms (cache hit)
91 silly packumentCache corgi:https://registry.npmjs.org/retry-request set size:40804 disposed:false
92 http cache https://registry.npmjs.org/@google-cloud%2fstorage 4ms (cache hit)
93 silly packumentCache corgi:https://registry.npmjs.org/@google-cloud%2fstorage set size:478103 disposed:false
94 http fetch GET 200 https://registry.npmjs.org/@simplewebauthn/browser/-/browser-13.3.0.tgz 322ms (cache miss)
95 silly ADD node_modules/@simplewebauthn/browser
96 verbose cwd /Users/Livskompassen/livskompassen-trasig
97 verbose os Darwin 25.4.0
98 verbose node v24.15.0
99 verbose npm  v11.12.1
100 verbose exit 0
101 info ok
