[debug] [2026-05-16T18:36:17.914Z] [Firebase Plugin] Activating Firebase extension.
[info] [Firebase Plugin] Checked firebase-tools, is up to date!
[debug] [2026-05-16T18:36:20.045Z] [Firebase Plugin] requireAuthWrapper
[debug] [2026-05-16T18:36:20.046Z] > command requires scopes: ["email","openid","https://www.googleapis.com/auth/cloudplatformprojects.readonly","https://www.googleapis.com/auth/firebase","https://www.googleapis.com/auth/cloud-platform"]
[debug] [2026-05-16T18:36:20.047Z] > authorizing via signed-in user (pontus.malmstrom9292@gmail.com)
[debug] [2026-05-16T18:36:20.052Z] Checked if tokens are valid: false, expires at: 1778943395327
[debug] [2026-05-16T18:36:20.052Z] Checked if tokens are valid: false, expires at: 1778943395327
[debug] [2026-05-16T18:36:20.052Z] > refreshing access token with scopes: []
[debug] [2026-05-16T18:36:20.054Z] >>> [apiv2][query] POST https://www.googleapis.com/oauth2/v3/token [none]
[debug] [2026-05-16T18:36:20.054Z] >>> [apiv2][body] POST https://www.googleapis.com/oauth2/v3/token [omitted]
[debug] [2026-05-16T18:36:20.064Z] [Firebase Plugin] VSCode notification server listening on port 40001
[debug] [2026-05-16T18:36:20.212Z] <<< [apiv2][status] POST https://www.googleapis.com/oauth2/v3/token 200
[debug] [2026-05-16T18:36:20.212Z] <<< [apiv2][body] POST https://www.googleapis.com/oauth2/v3/token [omitted]
[debug] [2026-05-16T18:36:20.241Z] [Firebase Plugin] User found:  pontus.malmstrom9292@gmail.com
[info] [Firebase Plugin] (Core:Project) New user detected, fetching projects
[debug] [2026-05-16T18:36:20.242Z] Checked if tokens are valid: true, expires at: 1778960179212
[debug] [2026-05-16T18:36:20.242Z] >>> [apiv2][query] GET https://firebase.googleapis.com/v1beta1/projects pageSize=1000
[info] [Firebase Plugin] Starting SQL Connect toolkit (version 3.4.6) on port 50001
[info] i  dataconnect: downloading dataconnect-emulator-3.4.6... {"metadata":{"emulator":{"name":"dataconnect"},"message":"downloading dataconnect-emulator-3.4.6..."}}
[debug] [2026-05-16T18:36:20.730Z] >>> [apiv2][query] GET https://storage.googleapis.com/firemat-preview-drop/emulator/dataconnect-emulator-macos-arm64-v3.4.6 
[debug] [2026-05-16T18:36:20.973Z] <<< [apiv2][status] GET https://firebase.googleapis.com/v1beta1/projects 200
[debug] [2026-05-16T18:36:20.973Z] <<< [apiv2][body] GET https://firebase.googleapis.com/v1beta1/projects [omitted]
[debug] [2026-05-16T18:36:21.005Z] <<< [apiv2][status] GET https://storage.googleapis.com/firemat-preview-drop/emulator/dataconnect-emulator-macos-arm64-v3.4.6 200
[debug] [2026-05-16T18:36:21.006Z] <<< [apiv2][body] GET https://storage.googleapis.com/firemat-preview-drop/emulator/dataconnect-emulator-macos-arm64-v3.4.6 [stream]
[info] i  dataconnect: Removing outdated emulator files: dataconnect-emulator-3.4.8 {"metadata":{"emulator":{"name":"dataconnect"},"message":"Removing outdated emulator files: dataconnect-emulator-3.4.8"}}
[debug] [2026-05-16T18:36:25.585Z] I0516 20:36:25.575507   29832 control.go:100] [projects/emulator/locations/emulator/services/livskompassen-v2 6fa9] UpdateResources(): done
Main schema: sources: schema/schema.gql [795B] 
Connector "example": sources: 
 {"metadata":{"emulator":{"name":"dataconnect"},"message":"I0516 20:36:25.575507   29832 control.go:100] [projects/emulator/locations/emulator/services/livskompassen-v2 6fa9] UpdateResources(): done\nMain schema: sources: schema/schema.gql [795B] \nConnector \"example\": sources: \n"}}
[debug] [2026-05-16T18:36:25.590Z] Ignoring unsupported arg: auto_download {"metadata":{"emulator":{"name":"dataconnect"},"message":"Ignoring unsupported arg: auto_download"}}
[debug] [2026-05-16T18:36:25.590Z] Ignoring unsupported arg: port {"metadata":{"emulator":{"name":"dataconnect"},"message":"Ignoring unsupported arg: port"}}
[debug] [2026-05-16T18:36:25.590Z] Starting SQL Connect Emulator with command {"binary":"/Users/Livskompassen/.cache/firebase/emulators/dataconnect-emulator-3.4.6","args":["--logtostderr","-v=2","dev","--listen=localhost:50001","--config_dir=/Users/Livskompassen/Livskompassen2.0/dataconnect","--enable_output_schema_extensions=true","--enable_output_generated_sdk=true"],"optionalArgs":["listen","config_dir","enable_output_schema_extensions","enable_output_generated_sdk"],"joinArgs":true,"shell":false,"port":9399} {"metadata":{"emulator":{"name":"dataconnect"},"message":"Starting SQL Connect Emulator with command {\"binary\":\"/Users/Livskompassen/.cache/firebase/emulators/dataconnect-emulator-3.4.6\",\"args\":[\"--logtostderr\",\"-v=2\",\"dev\",\"--listen=localhost:50001\",\"--config_dir=/Users/Livskompassen/Livskompassen2.0/dataconnect\",\"--enable_output_schema_extensions=true\",\"--enable_output_generated_sdk=true\"],\"optionalArgs\":[\"listen\",\"config_dir\",\"enable_output_schema_extensions\",\"enable_output_generated_sdk\"],\"joinArgs\":true,\"shell\":false,\"port\":9399}"}}
[info] i  dataconnect: SQL Connect Emulator logging to dataconnect-debug.log {"metadata":{"emulator":{"name":"dataconnect"},"message":"SQL Connect Emulator logging to dataconnect-debug.log"}}
[debug] [2026-05-16T18:36:25.626Z] I0516 20:36:25.625487   29837 load.go:31] Reloading schema and connectors...
 {"metadata":{"emulator":{"name":"dataconnect"},"message":"I0516 20:36:25.625487   29837 load.go:31] Reloading schema and connectors...\n"}}
[debug] [2026-05-16T18:36:25.646Z] I0516 20:36:25.638483   29837 control.go:100] [projects/emulator/locations/emulator/services/livskompassen-v2 0982] UpdateResources(): done
Main schema: sources: schema/schema.gql [795B] 
Connector "example": sources: 
 {"metadata":{"emulator":{"name":"dataconnect"},"message":"I0516 20:36:25.638483   29837 control.go:100] [projects/emulator/locations/emulator/services/livskompassen-v2 0982] UpdateResources(): done\nMain schema: sources: schema/schema.gql [795B] \nConnector \"example\": sources: \n"}}
[debug] [2026-05-16T18:36:25.654Z] E0516 20:36:25.650902   29837 load.go:95] Errors generating SDK: [connector "example"]: invalid Data Connect Connector no query found in connector
 {"metadata":{"emulator":{"name":"dataconnect"},"message":"E0516 20:36:25.650902   29837 load.go:95] Errors generating SDK: [connector \"example\"]: invalid Data Connect Connector no query found in connector\n"}}
[debug] [2026-05-16T18:36:25.655Z] I0516 20:36:25.654929   29837 collector.go:107] schema extensions wrote into "/Users/Livskompassen/Livskompassen2.0/dataconnect/.dataconnect/schema"
Generated sources: main/implicit.gql [3462B] main/input.gql [59871B] main/relation.gql [29849B] main/query.gql [7567B] main/mutation.gql [20380B] prelude.gql [83799B] 
I0516 20:36:25.655040   29837 load.go:109] Finished reloading
 {"metadata":{"emulator":{"name":"dataconnect"},"message":"I0516 20:36:25.654929   29837 collector.go:107] schema extensions wrote into \"/Users/Livskompassen/Livskompassen2.0/dataconnect/.dataconnect/schema\"\nGenerated sources: main/implicit.gql [3462B] main/input.gql [59871B] main/relation.gql [29849B] main/query.gql [7567B] main/mutation.gql [20380B] prelude.gql [83799B] \nI0516 20:36:25.655040   29837 load.go:109] Finished reloading\n"}}
[debug] [2026-05-16T18:36:25.658Z] I0516 20:36:25.657580   29837 dev.go:104] Listening on address (HTTP + gRPC): 127.0.0.1:50001
 {"metadata":{"emulator":{"name":"dataconnect"},"message":"I0516 20:36:25.657580   29837 dev.go:104] Listening on address (HTTP + gRPC): 127.0.0.1:50001\n"}}
[debug] [2026-05-16T18:36:25.874Z] I0516 20:36:25.874180   29837 engine.go:209] [projects/emulator/locations/emulator/services/livskompassen-v2 0982] ExecuteGraphqlRead query IntrospectionQuery: succeeded. 
 {"metadata":{"emulator":{"name":"dataconnect"},"message":"I0516 20:36:25.874180   29837 engine.go:209] [projects/emulator/locations/emulator/services/livskompassen-v2 0982] ExecuteGraphqlRead query IntrospectionQuery: succeeded. \n"}}
